ARM GAS  C:\Users\user\AppData\Local\Temp\ccxzUoTd.s 			page 1


   1              		.cpu cortex-m4
   2              		.arch armv7e-m
   3              		.fpu softvfp
   4              		.eabi_attribute 20, 1
   5              		.eabi_attribute 21, 1
   6              		.eabi_attribute 23, 3
   7              		.eabi_attribute 24, 1
   8              		.eabi_attribute 25, 1
   9              		.eabi_attribute 26, 1
  10              		.eabi_attribute 30, 1
  11              		.eabi_attribute 34, 1
  12              		.eabi_attribute 18, 4
  13              		.file	"at32f435_437_sdio.c"
  14              		.text
  15              	.Ltext0:
  16              		.cfi_sections	.debug_frame
  17              		.section	.text.sdio_reset,"ax",%progbits
  18              		.align	1
  19              		.global	sdio_reset
  20              		.syntax unified
  21              		.thumb
  22              		.thumb_func
  24              	sdio_reset:
  25              	.LVL0:
  26              	.LFB133:
  27              		.file 1 "bsp/libraries/drivers/src/at32f435_437_sdio.c"
   1:bsp/libraries/drivers/src/at32f435_437_sdio.c **** /**
   2:bsp/libraries/drivers/src/at32f435_437_sdio.c ****   **************************************************************************
   3:bsp/libraries/drivers/src/at32f435_437_sdio.c ****   * @file     at32f435_437_sdio.c
   4:bsp/libraries/drivers/src/at32f435_437_sdio.c ****   * @brief    contains all the functions for the sdio firmware library
   5:bsp/libraries/drivers/src/at32f435_437_sdio.c ****   **************************************************************************
   6:bsp/libraries/drivers/src/at32f435_437_sdio.c ****   *                       Copyright notice & Disclaimer
   7:bsp/libraries/drivers/src/at32f435_437_sdio.c ****   *
   8:bsp/libraries/drivers/src/at32f435_437_sdio.c ****   * The software Board Support Package (BSP) that is made available to
   9:bsp/libraries/drivers/src/at32f435_437_sdio.c ****   * download from Artery official website is the copyrighted work of Artery.
  10:bsp/libraries/drivers/src/at32f435_437_sdio.c ****   * Artery authorizes customers to use, copy, and distribute the BSP
  11:bsp/libraries/drivers/src/at32f435_437_sdio.c ****   * software and its related documentation for the purpose of design and
  12:bsp/libraries/drivers/src/at32f435_437_sdio.c ****   * development in conjunction with Artery microcontrollers. Use of the
  13:bsp/libraries/drivers/src/at32f435_437_sdio.c ****   * software is governed by this copyright notice and the following disclaimer.
  14:bsp/libraries/drivers/src/at32f435_437_sdio.c ****   *
  15:bsp/libraries/drivers/src/at32f435_437_sdio.c ****   * THIS SOFTWARE IS PROVIDED ON "AS IS" BASIS WITHOUT WARRANTIES,
  16:bsp/libraries/drivers/src/at32f435_437_sdio.c ****   * GUARANTEES OR REPRESENTATIONS OF ANY KIND. ARTERY EXPRESSLY DISCLAIMS,
  17:bsp/libraries/drivers/src/at32f435_437_sdio.c ****   * TO THE FULLEST EXTENT PERMITTED BY LAW, ALL EXPRESS, IMPLIED OR
  18:bsp/libraries/drivers/src/at32f435_437_sdio.c ****   * STATUTORY OR OTHER WARRANTIES, GUARANTEES OR REPRESENTATIONS,
  19:bsp/libraries/drivers/src/at32f435_437_sdio.c ****   * INCLUDING BUT NOT LIMITED TO, THE IMPLIED WARRANTIES OF MERCHANTABILITY,
  20:bsp/libraries/drivers/src/at32f435_437_sdio.c ****   * FITNESS FOR A PARTICULAR PURPOSE, OR NON-INFRINGEMENT.
  21:bsp/libraries/drivers/src/at32f435_437_sdio.c ****   *
  22:bsp/libraries/drivers/src/at32f435_437_sdio.c ****   **************************************************************************
  23:bsp/libraries/drivers/src/at32f435_437_sdio.c ****   */
  24:bsp/libraries/drivers/src/at32f435_437_sdio.c **** 
  25:bsp/libraries/drivers/src/at32f435_437_sdio.c **** #include "at32f435_437_conf.h"
  26:bsp/libraries/drivers/src/at32f435_437_sdio.c **** 
  27:bsp/libraries/drivers/src/at32f435_437_sdio.c **** /** @addtogroup AT32F435_437_periph_driver
  28:bsp/libraries/drivers/src/at32f435_437_sdio.c ****   * @{
  29:bsp/libraries/drivers/src/at32f435_437_sdio.c ****   */
  30:bsp/libraries/drivers/src/at32f435_437_sdio.c **** 
  31:bsp/libraries/drivers/src/at32f435_437_sdio.c **** /** @defgroup SDIO
ARM GAS  C:\Users\user\AppData\Local\Temp\ccxzUoTd.s 			page 2


  32:bsp/libraries/drivers/src/at32f435_437_sdio.c ****   * @brief SDIO driver modules
  33:bsp/libraries/drivers/src/at32f435_437_sdio.c ****   * @{
  34:bsp/libraries/drivers/src/at32f435_437_sdio.c ****   */
  35:bsp/libraries/drivers/src/at32f435_437_sdio.c **** 
  36:bsp/libraries/drivers/src/at32f435_437_sdio.c **** #ifdef SDIO_MODULE_ENABLED
  37:bsp/libraries/drivers/src/at32f435_437_sdio.c **** 
  38:bsp/libraries/drivers/src/at32f435_437_sdio.c **** /** @defgroup SDIO_private_functions
  39:bsp/libraries/drivers/src/at32f435_437_sdio.c ****   * @{
  40:bsp/libraries/drivers/src/at32f435_437_sdio.c ****   */
  41:bsp/libraries/drivers/src/at32f435_437_sdio.c **** 
  42:bsp/libraries/drivers/src/at32f435_437_sdio.c **** /**
  43:bsp/libraries/drivers/src/at32f435_437_sdio.c ****   * @brief  reset the sdio register
  44:bsp/libraries/drivers/src/at32f435_437_sdio.c ****   * @param  sdio_x: to select the sdio peripheral.
  45:bsp/libraries/drivers/src/at32f435_437_sdio.c ****   *         this parameter can be one of the following values:
  46:bsp/libraries/drivers/src/at32f435_437_sdio.c ****   *         SDIO1, SDIO2.
  47:bsp/libraries/drivers/src/at32f435_437_sdio.c ****   * @retval none
  48:bsp/libraries/drivers/src/at32f435_437_sdio.c ****   */
  49:bsp/libraries/drivers/src/at32f435_437_sdio.c **** void sdio_reset(sdio_type *sdio_x)
  50:bsp/libraries/drivers/src/at32f435_437_sdio.c **** {
  28              		.loc 1 50 1 view -0
  29              		.cfi_startproc
  30              		@ args = 0, pretend = 0, frame = 0
  31              		@ frame_needed = 0, uses_anonymous_args = 0
  32              		@ link register save eliminated.
  51:bsp/libraries/drivers/src/at32f435_437_sdio.c ****   sdio_x->pwrctrl = 0x0;
  33              		.loc 1 51 3 view .LVU1
  34              		.loc 1 51 19 is_stmt 0 view .LVU2
  35 0000 0023     		movs	r3, #0
  36 0002 0360     		str	r3, [r0]
  52:bsp/libraries/drivers/src/at32f435_437_sdio.c ****   sdio_x->clkctrl = 0x0;
  37              		.loc 1 52 3 is_stmt 1 view .LVU3
  38              		.loc 1 52 19 is_stmt 0 view .LVU4
  39 0004 4360     		str	r3, [r0, #4]
  53:bsp/libraries/drivers/src/at32f435_437_sdio.c ****   sdio_x->argu = 0x0;
  40              		.loc 1 53 3 is_stmt 1 view .LVU5
  41              		.loc 1 53 16 is_stmt 0 view .LVU6
  42 0006 8360     		str	r3, [r0, #8]
  54:bsp/libraries/drivers/src/at32f435_437_sdio.c ****   sdio_x->cmdctrl = 0x0;
  43              		.loc 1 54 3 is_stmt 1 view .LVU7
  44              		.loc 1 54 19 is_stmt 0 view .LVU8
  45 0008 C360     		str	r3, [r0, #12]
  55:bsp/libraries/drivers/src/at32f435_437_sdio.c ****   sdio_x->dttmr = 0x0;
  46              		.loc 1 55 3 is_stmt 1 view .LVU9
  47              		.loc 1 55 17 is_stmt 0 view .LVU10
  48 000a 4362     		str	r3, [r0, #36]
  56:bsp/libraries/drivers/src/at32f435_437_sdio.c ****   sdio_x->dtlen = 0x0;
  49              		.loc 1 56 3 is_stmt 1 view .LVU11
  50              		.loc 1 56 17 is_stmt 0 view .LVU12
  51 000c 8362     		str	r3, [r0, #40]
  57:bsp/libraries/drivers/src/at32f435_437_sdio.c ****   sdio_x->dtctrl = 0x0;
  52              		.loc 1 57 3 is_stmt 1 view .LVU13
  53              		.loc 1 57 18 is_stmt 0 view .LVU14
  54 000e C362     		str	r3, [r0, #44]
  58:bsp/libraries/drivers/src/at32f435_437_sdio.c ****   sdio_x->inten = 0x0;
  55              		.loc 1 58 3 is_stmt 1 view .LVU15
  56              		.loc 1 58 17 is_stmt 0 view .LVU16
  57 0010 C363     		str	r3, [r0, #60]
ARM GAS  C:\Users\user\AppData\Local\Temp\ccxzUoTd.s 			page 3


  59:bsp/libraries/drivers/src/at32f435_437_sdio.c ****   sdio_x->intclr = 0x004007FF;
  58              		.loc 1 59 3 is_stmt 1 view .LVU17
  59              		.loc 1 59 18 is_stmt 0 view .LVU18
  60 0012 014B     		ldr	r3, .L2
  61 0014 8363     		str	r3, [r0, #56]
  60:bsp/libraries/drivers/src/at32f435_437_sdio.c **** }
  62              		.loc 1 60 1 view .LVU19
  63 0016 7047     		bx	lr
  64              	.L3:
  65              		.align	2
  66              	.L2:
  67 0018 FF074000 		.word	4196351
  68              		.cfi_endproc
  69              	.LFE133:
  71              		.section	.text.sdio_power_set,"ax",%progbits
  72              		.align	1
  73              		.global	sdio_power_set
  74              		.syntax unified
  75              		.thumb
  76              		.thumb_func
  78              	sdio_power_set:
  79              	.LVL1:
  80              	.LFB134:
  61:bsp/libraries/drivers/src/at32f435_437_sdio.c **** 
  62:bsp/libraries/drivers/src/at32f435_437_sdio.c **** /**
  63:bsp/libraries/drivers/src/at32f435_437_sdio.c ****   * @brief  set the power status of the controller
  64:bsp/libraries/drivers/src/at32f435_437_sdio.c ****   * @param  sdio_x: to select the sdio peripheral.
  65:bsp/libraries/drivers/src/at32f435_437_sdio.c ****   *         this parameter can be one of the following values:
  66:bsp/libraries/drivers/src/at32f435_437_sdio.c ****   *         SDIO1, SDIO2.
  67:bsp/libraries/drivers/src/at32f435_437_sdio.c ****   * @param  power_state
  68:bsp/libraries/drivers/src/at32f435_437_sdio.c ****   *         this parameter can be one of the following values:
  69:bsp/libraries/drivers/src/at32f435_437_sdio.c ****   *         - SDIO_POWER_OFF
  70:bsp/libraries/drivers/src/at32f435_437_sdio.c ****   *         - SDIO_POWER_ON
  71:bsp/libraries/drivers/src/at32f435_437_sdio.c ****   * @retval none
  72:bsp/libraries/drivers/src/at32f435_437_sdio.c ****   */
  73:bsp/libraries/drivers/src/at32f435_437_sdio.c **** void sdio_power_set(sdio_type *sdio_x, sdio_power_state_type power_state)
  74:bsp/libraries/drivers/src/at32f435_437_sdio.c **** {
  81              		.loc 1 74 1 is_stmt 1 view -0
  82              		.cfi_startproc
  83              		@ args = 0, pretend = 0, frame = 0
  84              		@ frame_needed = 0, uses_anonymous_args = 0
  85              		@ link register save eliminated.
  75:bsp/libraries/drivers/src/at32f435_437_sdio.c ****   sdio_x->pwrctrl_bit.ps = power_state;
  86              		.loc 1 75 3 view .LVU21
  87              		.loc 1 75 26 is_stmt 0 view .LVU22
  88 0000 0368     		ldr	r3, [r0]
  89 0002 61F30103 		bfi	r3, r1, #0, #2
  90 0006 0360     		str	r3, [r0]
  76:bsp/libraries/drivers/src/at32f435_437_sdio.c **** }
  91              		.loc 1 76 1 view .LVU23
  92 0008 7047     		bx	lr
  93              		.cfi_endproc
  94              	.LFE134:
  96              		.section	.text.sdio_power_status_get,"ax",%progbits
  97              		.align	1
  98              		.global	sdio_power_status_get
  99              		.syntax unified
ARM GAS  C:\Users\user\AppData\Local\Temp\ccxzUoTd.s 			page 4


 100              		.thumb
 101              		.thumb_func
 103              	sdio_power_status_get:
 104              	.LVL2:
 105              	.LFB135:
  77:bsp/libraries/drivers/src/at32f435_437_sdio.c **** 
  78:bsp/libraries/drivers/src/at32f435_437_sdio.c **** /**
  79:bsp/libraries/drivers/src/at32f435_437_sdio.c ****   * @brief  get power status.
  80:bsp/libraries/drivers/src/at32f435_437_sdio.c ****   * @param  sdio_x: to select the sdio peripheral.
  81:bsp/libraries/drivers/src/at32f435_437_sdio.c ****   *         this parameter can be one of the following values:
  82:bsp/libraries/drivers/src/at32f435_437_sdio.c ****   *         SDIO1, SDIO2.
  83:bsp/libraries/drivers/src/at32f435_437_sdio.c ****   * @retval sdio_power_state_type (SDIO_POWER_ON or SDIO_POWER_OFF)
  84:bsp/libraries/drivers/src/at32f435_437_sdio.c ****   */
  85:bsp/libraries/drivers/src/at32f435_437_sdio.c **** sdio_power_state_type sdio_power_status_get(sdio_type *sdio_x)
  86:bsp/libraries/drivers/src/at32f435_437_sdio.c **** {
 106              		.loc 1 86 1 is_stmt 1 view -0
 107              		.cfi_startproc
 108              		@ args = 0, pretend = 0, frame = 0
 109              		@ frame_needed = 0, uses_anonymous_args = 0
 110              		@ link register save eliminated.
  87:bsp/libraries/drivers/src/at32f435_437_sdio.c ****   return (sdio_power_state_type)(sdio_x->pwrctrl_bit.ps);
 111              		.loc 1 87 3 view .LVU25
 112              		.loc 1 87 53 is_stmt 0 view .LVU26
 113 0000 0068     		ldr	r0, [r0]
 114              	.LVL3:
  88:bsp/libraries/drivers/src/at32f435_437_sdio.c **** }
 115              		.loc 1 88 1 view .LVU27
 116 0002 00F00300 		and	r0, r0, #3
 117 0006 7047     		bx	lr
 118              		.cfi_endproc
 119              	.LFE135:
 121              		.section	.text.sdio_clock_config,"ax",%progbits
 122              		.align	1
 123              		.global	sdio_clock_config
 124              		.syntax unified
 125              		.thumb
 126              		.thumb_func
 128              	sdio_clock_config:
 129              	.LVL4:
 130              	.LFB136:
  89:bsp/libraries/drivers/src/at32f435_437_sdio.c **** 
  90:bsp/libraries/drivers/src/at32f435_437_sdio.c **** /**
  91:bsp/libraries/drivers/src/at32f435_437_sdio.c ****   * @brief  config sdio clock
  92:bsp/libraries/drivers/src/at32f435_437_sdio.c ****   * @param  sdio_x: to select the sdio peripheral.
  93:bsp/libraries/drivers/src/at32f435_437_sdio.c ****   *         this parameter can be one of the following values:
  94:bsp/libraries/drivers/src/at32f435_437_sdio.c ****   *         SDIO1, SDIO2.
  95:bsp/libraries/drivers/src/at32f435_437_sdio.c ****   * @param  clk_div: sdio clock divide factor(frequency = sdio_clk / [clk_psc + 2]).
  96:bsp/libraries/drivers/src/at32f435_437_sdio.c ****   * @param  clk_edg
  97:bsp/libraries/drivers/src/at32f435_437_sdio.c ****   *         this parameter can be one of the following values:
  98:bsp/libraries/drivers/src/at32f435_437_sdio.c ****   *         - SDIO_CLOCK_EDGE_RISING
  99:bsp/libraries/drivers/src/at32f435_437_sdio.c ****   *         - SDIO_CLOCK_EDGE_FALLING
 100:bsp/libraries/drivers/src/at32f435_437_sdio.c ****   * @retval none
 101:bsp/libraries/drivers/src/at32f435_437_sdio.c ****   */
 102:bsp/libraries/drivers/src/at32f435_437_sdio.c **** void sdio_clock_config(sdio_type *sdio_x, uint16_t clk_div, sdio_edge_phase_type clk_edg)
 103:bsp/libraries/drivers/src/at32f435_437_sdio.c **** {
 131              		.loc 1 103 1 is_stmt 1 view -0
 132              		.cfi_startproc
ARM GAS  C:\Users\user\AppData\Local\Temp\ccxzUoTd.s 			page 5


 133              		@ args = 0, pretend = 0, frame = 0
 134              		@ frame_needed = 0, uses_anonymous_args = 0
 135              		@ link register save eliminated.
 104:bsp/libraries/drivers/src/at32f435_437_sdio.c ****   /* config clock edge */
 105:bsp/libraries/drivers/src/at32f435_437_sdio.c ****   sdio_x->clkctrl_bit.clkegs = clk_edg;
 136              		.loc 1 105 3 view .LVU29
 137              		.loc 1 105 30 is_stmt 0 view .LVU30
 138 0000 4368     		ldr	r3, [r0, #4]
 139 0002 62F34D33 		bfi	r3, r2, #13, #1
 140 0006 4360     		str	r3, [r0, #4]
 106:bsp/libraries/drivers/src/at32f435_437_sdio.c **** 
 107:bsp/libraries/drivers/src/at32f435_437_sdio.c ****   /* config clock divide [7:0] */
 108:bsp/libraries/drivers/src/at32f435_437_sdio.c ****   sdio_x->clkctrl_bit.clkdiv_l = (clk_div & 0xFF);
 141              		.loc 1 108 3 is_stmt 1 view .LVU31
 142              		.loc 1 108 32 is_stmt 0 view .LVU32
 143 0008 CAB2     		uxtb	r2, r1
 144              	.LVL5:
 145              		.loc 1 108 32 view .LVU33
 146 000a 4368     		ldr	r3, [r0, #4]
 147 000c 62F30703 		bfi	r3, r2, #0, #8
 148 0010 4360     		str	r3, [r0, #4]
 109:bsp/libraries/drivers/src/at32f435_437_sdio.c **** 
 110:bsp/libraries/drivers/src/at32f435_437_sdio.c ****   /* config clock divide [9:8] */
 111:bsp/libraries/drivers/src/at32f435_437_sdio.c ****   sdio_x->clkctrl_bit.clkdiv_h = ((clk_div & 0x300) >> 8);
 149              		.loc 1 111 3 is_stmt 1 view .LVU34
 150              		.loc 1 111 53 is_stmt 0 view .LVU35
 151 0012 C1F30121 		ubfx	r1, r1, #8, #2
 152              	.LVL6:
 153              		.loc 1 111 32 view .LVU36
 154 0016 4368     		ldr	r3, [r0, #4]
 155 0018 61F3D033 		bfi	r3, r1, #15, #2
 156 001c 4360     		str	r3, [r0, #4]
 112:bsp/libraries/drivers/src/at32f435_437_sdio.c **** }
 157              		.loc 1 112 1 view .LVU37
 158 001e 7047     		bx	lr
 159              		.cfi_endproc
 160              	.LFE136:
 162              		.section	.text.sdio_bus_width_config,"ax",%progbits
 163              		.align	1
 164              		.global	sdio_bus_width_config
 165              		.syntax unified
 166              		.thumb
 167              		.thumb_func
 169              	sdio_bus_width_config:
 170              	.LVL7:
 171              	.LFB137:
 113:bsp/libraries/drivers/src/at32f435_437_sdio.c **** 
 114:bsp/libraries/drivers/src/at32f435_437_sdio.c **** /**
 115:bsp/libraries/drivers/src/at32f435_437_sdio.c ****   * @brief  config sdio bus width
 116:bsp/libraries/drivers/src/at32f435_437_sdio.c ****   * @param  sdio_x: to select the sdio peripheral.
 117:bsp/libraries/drivers/src/at32f435_437_sdio.c ****   *         this parameter can be one of the following values:
 118:bsp/libraries/drivers/src/at32f435_437_sdio.c ****   *         SDIO1, SDIO2.
 119:bsp/libraries/drivers/src/at32f435_437_sdio.c ****   * @param  width
 120:bsp/libraries/drivers/src/at32f435_437_sdio.c ****   *         this parameter can be one of the following values:
 121:bsp/libraries/drivers/src/at32f435_437_sdio.c ****   *         - SDIO_BUS_WIDTH_D1
 122:bsp/libraries/drivers/src/at32f435_437_sdio.c ****   *         - SDIO_BUS_WIDTH_D4
 123:bsp/libraries/drivers/src/at32f435_437_sdio.c ****   *         - SDIO_BUS_WIDTH_D8
ARM GAS  C:\Users\user\AppData\Local\Temp\ccxzUoTd.s 			page 6


 124:bsp/libraries/drivers/src/at32f435_437_sdio.c ****   * @retval none
 125:bsp/libraries/drivers/src/at32f435_437_sdio.c ****   */
 126:bsp/libraries/drivers/src/at32f435_437_sdio.c **** void sdio_bus_width_config(sdio_type *sdio_x, sdio_bus_width_type width)
 127:bsp/libraries/drivers/src/at32f435_437_sdio.c **** {
 172              		.loc 1 127 1 is_stmt 1 view -0
 173              		.cfi_startproc
 174              		@ args = 0, pretend = 0, frame = 0
 175              		@ frame_needed = 0, uses_anonymous_args = 0
 176              		@ link register save eliminated.
 128:bsp/libraries/drivers/src/at32f435_437_sdio.c ****   sdio_x->clkctrl_bit.busws = width;
 177              		.loc 1 128 3 view .LVU39
 178              		.loc 1 128 29 is_stmt 0 view .LVU40
 179 0000 4368     		ldr	r3, [r0, #4]
 180 0002 61F3CC23 		bfi	r3, r1, #11, #2
 181 0006 4360     		str	r3, [r0, #4]
 129:bsp/libraries/drivers/src/at32f435_437_sdio.c **** }
 182              		.loc 1 129 1 view .LVU41
 183 0008 7047     		bx	lr
 184              		.cfi_endproc
 185              	.LFE137:
 187              		.section	.text.sdio_clock_bypass,"ax",%progbits
 188              		.align	1
 189              		.global	sdio_clock_bypass
 190              		.syntax unified
 191              		.thumb
 192              		.thumb_func
 194              	sdio_clock_bypass:
 195              	.LVL8:
 196              	.LFB138:
 130:bsp/libraries/drivers/src/at32f435_437_sdio.c **** 
 131:bsp/libraries/drivers/src/at32f435_437_sdio.c **** /**
 132:bsp/libraries/drivers/src/at32f435_437_sdio.c ****   * @brief  enable or disable clock divider bypss
 133:bsp/libraries/drivers/src/at32f435_437_sdio.c ****   * @param  sdio_x: to select the sdio peripheral.
 134:bsp/libraries/drivers/src/at32f435_437_sdio.c ****   *         this parameter can be one of the following values:
 135:bsp/libraries/drivers/src/at32f435_437_sdio.c ****   *         SDIO1, SDIO2.
 136:bsp/libraries/drivers/src/at32f435_437_sdio.c ****   * @param  new_state (TRUE or FALSE)
 137:bsp/libraries/drivers/src/at32f435_437_sdio.c ****   * @retval none
 138:bsp/libraries/drivers/src/at32f435_437_sdio.c ****   */
 139:bsp/libraries/drivers/src/at32f435_437_sdio.c **** void sdio_clock_bypass(sdio_type *sdio_x, confirm_state new_state)
 140:bsp/libraries/drivers/src/at32f435_437_sdio.c **** {
 197              		.loc 1 140 1 is_stmt 1 view -0
 198              		.cfi_startproc
 199              		@ args = 0, pretend = 0, frame = 0
 200              		@ frame_needed = 0, uses_anonymous_args = 0
 201              		@ link register save eliminated.
 141:bsp/libraries/drivers/src/at32f435_437_sdio.c ****   sdio_x->clkctrl_bit.bypsen = new_state;
 202              		.loc 1 141 3 view .LVU43
 203              		.loc 1 141 30 is_stmt 0 view .LVU44
 204 0000 4368     		ldr	r3, [r0, #4]
 205 0002 61F38A23 		bfi	r3, r1, #10, #1
 206 0006 4360     		str	r3, [r0, #4]
 142:bsp/libraries/drivers/src/at32f435_437_sdio.c **** }
 207              		.loc 1 142 1 view .LVU45
 208 0008 7047     		bx	lr
 209              		.cfi_endproc
 210              	.LFE138:
 212              		.section	.text.sdio_power_saving_mode_enable,"ax",%progbits
ARM GAS  C:\Users\user\AppData\Local\Temp\ccxzUoTd.s 			page 7


 213              		.align	1
 214              		.global	sdio_power_saving_mode_enable
 215              		.syntax unified
 216              		.thumb
 217              		.thumb_func
 219              	sdio_power_saving_mode_enable:
 220              	.LVL9:
 221              	.LFB139:
 143:bsp/libraries/drivers/src/at32f435_437_sdio.c **** 
 144:bsp/libraries/drivers/src/at32f435_437_sdio.c **** /**
 145:bsp/libraries/drivers/src/at32f435_437_sdio.c ****   * @brief  enable or disable power saving mode, config sdio_ck clock output
 146:bsp/libraries/drivers/src/at32f435_437_sdio.c ****   *         when the bus is idle.
 147:bsp/libraries/drivers/src/at32f435_437_sdio.c ****   * @param  sdio_x: to select the sdio peripheral.
 148:bsp/libraries/drivers/src/at32f435_437_sdio.c ****   *         this parameter can be one of the following values:
 149:bsp/libraries/drivers/src/at32f435_437_sdio.c ****   *         SDIO1, SDIO2.
 150:bsp/libraries/drivers/src/at32f435_437_sdio.c ****   * @param  new_state (TRUE or FALSE)
 151:bsp/libraries/drivers/src/at32f435_437_sdio.c ****   * @retval none
 152:bsp/libraries/drivers/src/at32f435_437_sdio.c ****   */
 153:bsp/libraries/drivers/src/at32f435_437_sdio.c **** void sdio_power_saving_mode_enable(sdio_type *sdio_x, confirm_state new_state)
 154:bsp/libraries/drivers/src/at32f435_437_sdio.c **** {
 222              		.loc 1 154 1 is_stmt 1 view -0
 223              		.cfi_startproc
 224              		@ args = 0, pretend = 0, frame = 0
 225              		@ frame_needed = 0, uses_anonymous_args = 0
 226              		@ link register save eliminated.
 155:bsp/libraries/drivers/src/at32f435_437_sdio.c ****   sdio_x->clkctrl_bit.pwrsven = new_state;
 227              		.loc 1 155 3 view .LVU47
 228              		.loc 1 155 31 is_stmt 0 view .LVU48
 229 0000 4368     		ldr	r3, [r0, #4]
 230 0002 61F34923 		bfi	r3, r1, #9, #1
 231 0006 4360     		str	r3, [r0, #4]
 156:bsp/libraries/drivers/src/at32f435_437_sdio.c **** }
 232              		.loc 1 156 1 view .LVU49
 233 0008 7047     		bx	lr
 234              		.cfi_endproc
 235              	.LFE139:
 237              		.section	.text.sdio_flow_control_enable,"ax",%progbits
 238              		.align	1
 239              		.global	sdio_flow_control_enable
 240              		.syntax unified
 241              		.thumb
 242              		.thumb_func
 244              	sdio_flow_control_enable:
 245              	.LVL10:
 246              	.LFB140:
 157:bsp/libraries/drivers/src/at32f435_437_sdio.c **** 
 158:bsp/libraries/drivers/src/at32f435_437_sdio.c **** /**
 159:bsp/libraries/drivers/src/at32f435_437_sdio.c ****   * @brief  enable or disable hardware flow control.
 160:bsp/libraries/drivers/src/at32f435_437_sdio.c ****   * @param  sdio_x: to select the sdio peripheral.
 161:bsp/libraries/drivers/src/at32f435_437_sdio.c ****   *         this parameter can be one of the following values:
 162:bsp/libraries/drivers/src/at32f435_437_sdio.c ****   *         SDIO1, SDIO2.
 163:bsp/libraries/drivers/src/at32f435_437_sdio.c ****   * @param  new_state (TRUE or FALSE)
 164:bsp/libraries/drivers/src/at32f435_437_sdio.c ****   * @retval none
 165:bsp/libraries/drivers/src/at32f435_437_sdio.c ****   */
 166:bsp/libraries/drivers/src/at32f435_437_sdio.c **** void sdio_flow_control_enable(sdio_type *sdio_x, confirm_state new_state)
 167:bsp/libraries/drivers/src/at32f435_437_sdio.c **** {
 247              		.loc 1 167 1 is_stmt 1 view -0
ARM GAS  C:\Users\user\AppData\Local\Temp\ccxzUoTd.s 			page 8


 248              		.cfi_startproc
 249              		@ args = 0, pretend = 0, frame = 0
 250              		@ frame_needed = 0, uses_anonymous_args = 0
 251              		@ link register save eliminated.
 168:bsp/libraries/drivers/src/at32f435_437_sdio.c ****   sdio_x->clkctrl_bit.hfcen = new_state;
 252              		.loc 1 168 3 view .LVU51
 253              		.loc 1 168 29 is_stmt 0 view .LVU52
 254 0000 4368     		ldr	r3, [r0, #4]
 255 0002 61F38E33 		bfi	r3, r1, #14, #1
 256 0006 4360     		str	r3, [r0, #4]
 169:bsp/libraries/drivers/src/at32f435_437_sdio.c **** }
 257              		.loc 1 169 1 view .LVU53
 258 0008 7047     		bx	lr
 259              		.cfi_endproc
 260              	.LFE140:
 262              		.section	.text.sdio_clock_enable,"ax",%progbits
 263              		.align	1
 264              		.global	sdio_clock_enable
 265              		.syntax unified
 266              		.thumb
 267              		.thumb_func
 269              	sdio_clock_enable:
 270              	.LVL11:
 271              	.LFB141:
 170:bsp/libraries/drivers/src/at32f435_437_sdio.c **** 
 171:bsp/libraries/drivers/src/at32f435_437_sdio.c **** /**
 172:bsp/libraries/drivers/src/at32f435_437_sdio.c ****   * @brief  enable or disable sdio_ck output.
 173:bsp/libraries/drivers/src/at32f435_437_sdio.c ****   * @param  sdio_x: to select the sdio peripheral.
 174:bsp/libraries/drivers/src/at32f435_437_sdio.c ****   *         this parameter can be one of the following values:
 175:bsp/libraries/drivers/src/at32f435_437_sdio.c ****   *         SDIO1, SDIO2.
 176:bsp/libraries/drivers/src/at32f435_437_sdio.c ****   * @param  new_state (TRUE or FALSE)
 177:bsp/libraries/drivers/src/at32f435_437_sdio.c ****   * @retval none
 178:bsp/libraries/drivers/src/at32f435_437_sdio.c ****   */
 179:bsp/libraries/drivers/src/at32f435_437_sdio.c **** void sdio_clock_enable(sdio_type *sdio_x, confirm_state new_state)
 180:bsp/libraries/drivers/src/at32f435_437_sdio.c **** {
 272              		.loc 1 180 1 is_stmt 1 view -0
 273              		.cfi_startproc
 274              		@ args = 0, pretend = 0, frame = 0
 275              		@ frame_needed = 0, uses_anonymous_args = 0
 276              		@ link register save eliminated.
 181:bsp/libraries/drivers/src/at32f435_437_sdio.c ****   sdio_x->clkctrl_bit.clkoen = new_state;
 277              		.loc 1 181 3 view .LVU55
 278              		.loc 1 181 30 is_stmt 0 view .LVU56
 279 0000 4368     		ldr	r3, [r0, #4]
 280 0002 61F30823 		bfi	r3, r1, #8, #1
 281 0006 4360     		str	r3, [r0, #4]
 182:bsp/libraries/drivers/src/at32f435_437_sdio.c **** }
 282              		.loc 1 182 1 view .LVU57
 283 0008 7047     		bx	lr
 284              		.cfi_endproc
 285              	.LFE141:
 287              		.section	.text.sdio_dma_enable,"ax",%progbits
 288              		.align	1
 289              		.global	sdio_dma_enable
 290              		.syntax unified
 291              		.thumb
 292              		.thumb_func
ARM GAS  C:\Users\user\AppData\Local\Temp\ccxzUoTd.s 			page 9


 294              	sdio_dma_enable:
 295              	.LVL12:
 296              	.LFB142:
 183:bsp/libraries/drivers/src/at32f435_437_sdio.c **** 
 184:bsp/libraries/drivers/src/at32f435_437_sdio.c **** /**
 185:bsp/libraries/drivers/src/at32f435_437_sdio.c ****   * @brief  enable or disable dma.
 186:bsp/libraries/drivers/src/at32f435_437_sdio.c ****   * @param  sdio_x: to select the sdio peripheral.
 187:bsp/libraries/drivers/src/at32f435_437_sdio.c ****   *         this parameter can be one of the following values:
 188:bsp/libraries/drivers/src/at32f435_437_sdio.c ****   *         SDIO1, SDIO2.
 189:bsp/libraries/drivers/src/at32f435_437_sdio.c ****   * @param  new_state (TRUE or FALSE)
 190:bsp/libraries/drivers/src/at32f435_437_sdio.c ****   * @retval none
 191:bsp/libraries/drivers/src/at32f435_437_sdio.c ****   */
 192:bsp/libraries/drivers/src/at32f435_437_sdio.c **** void sdio_dma_enable(sdio_type *sdio_x, confirm_state new_state)
 193:bsp/libraries/drivers/src/at32f435_437_sdio.c **** {
 297              		.loc 1 193 1 is_stmt 1 view -0
 298              		.cfi_startproc
 299              		@ args = 0, pretend = 0, frame = 0
 300              		@ frame_needed = 0, uses_anonymous_args = 0
 301              		@ link register save eliminated.
 194:bsp/libraries/drivers/src/at32f435_437_sdio.c ****   sdio_x->dtctrl_bit.dmaen = new_state;
 302              		.loc 1 194 3 view .LVU59
 303              		.loc 1 194 28 is_stmt 0 view .LVU60
 304 0000 C36A     		ldr	r3, [r0, #44]
 305 0002 61F3C303 		bfi	r3, r1, #3, #1
 306 0006 C362     		str	r3, [r0, #44]
 195:bsp/libraries/drivers/src/at32f435_437_sdio.c **** }
 307              		.loc 1 195 1 view .LVU61
 308 0008 7047     		bx	lr
 309              		.cfi_endproc
 310              	.LFE142:
 312              		.section	.text.sdio_interrupt_enable,"ax",%progbits
 313              		.align	1
 314              		.global	sdio_interrupt_enable
 315              		.syntax unified
 316              		.thumb
 317              		.thumb_func
 319              	sdio_interrupt_enable:
 320              	.LVL13:
 321              	.LFB143:
 196:bsp/libraries/drivers/src/at32f435_437_sdio.c **** 
 197:bsp/libraries/drivers/src/at32f435_437_sdio.c **** /**
 198:bsp/libraries/drivers/src/at32f435_437_sdio.c ****   * @brief  config corresponding interrupt.
 199:bsp/libraries/drivers/src/at32f435_437_sdio.c ****   * @param  sdio_x: to select the sdio peripheral.
 200:bsp/libraries/drivers/src/at32f435_437_sdio.c ****   *         this parameter can be one of the following values:
 201:bsp/libraries/drivers/src/at32f435_437_sdio.c ****   *         SDIO1, SDIO2.
 202:bsp/libraries/drivers/src/at32f435_437_sdio.c ****   * @param  int_opt
 203:bsp/libraries/drivers/src/at32f435_437_sdio.c ****   *         this parameter can be one of the following values:
 204:bsp/libraries/drivers/src/at32f435_437_sdio.c ****   *         - SDIO_CMDFAIL_INT
 205:bsp/libraries/drivers/src/at32f435_437_sdio.c ****   *         - SDIO_DTFAIL_INT
 206:bsp/libraries/drivers/src/at32f435_437_sdio.c ****   *         - SDIO_CMDTIMEOUT_INT
 207:bsp/libraries/drivers/src/at32f435_437_sdio.c ****   *         - SDIO_DTTIMEOUT_INT
 208:bsp/libraries/drivers/src/at32f435_437_sdio.c ****   *         - SDIO_TXERRU_INT
 209:bsp/libraries/drivers/src/at32f435_437_sdio.c ****   *         - SDIO_RXERRO_INT
 210:bsp/libraries/drivers/src/at32f435_437_sdio.c ****   *         - SDIO_CMDRSPCMPL_INT
 211:bsp/libraries/drivers/src/at32f435_437_sdio.c ****   *         - SDIO_CMDCMPL_INT
 212:bsp/libraries/drivers/src/at32f435_437_sdio.c ****   *         - SDIO_DTCMP_INT
 213:bsp/libraries/drivers/src/at32f435_437_sdio.c ****   *         - SDIO_SBITERR_INT
ARM GAS  C:\Users\user\AppData\Local\Temp\ccxzUoTd.s 			page 10


 214:bsp/libraries/drivers/src/at32f435_437_sdio.c ****   *         - SDIO_DTBLKCMPL_INT
 215:bsp/libraries/drivers/src/at32f435_437_sdio.c ****   *         - SDIO_DOCMD_INT
 216:bsp/libraries/drivers/src/at32f435_437_sdio.c ****   *         - SDIO_DOTX_INT
 217:bsp/libraries/drivers/src/at32f435_437_sdio.c ****   *         - SDIO_DORX_INT
 218:bsp/libraries/drivers/src/at32f435_437_sdio.c ****   *         - SDIO_TXBUFH_INT
 219:bsp/libraries/drivers/src/at32f435_437_sdio.c ****   *         - SDIO_RXBUFH_INT
 220:bsp/libraries/drivers/src/at32f435_437_sdio.c ****   *         - SDIO_TXBUFF_INT
 221:bsp/libraries/drivers/src/at32f435_437_sdio.c ****   *         - SDIO_RXBUFF_INT
 222:bsp/libraries/drivers/src/at32f435_437_sdio.c ****   *         - SDIO_TXBUFE_INT
 223:bsp/libraries/drivers/src/at32f435_437_sdio.c ****   *         - SDIO_RXBUFE_INT
 224:bsp/libraries/drivers/src/at32f435_437_sdio.c ****   *         - SDIO_TXBUF_INT
 225:bsp/libraries/drivers/src/at32f435_437_sdio.c ****   *         - SDIO_RXBUF_INT
 226:bsp/libraries/drivers/src/at32f435_437_sdio.c ****   *         - SDIO_SDIOIF_INT
 227:bsp/libraries/drivers/src/at32f435_437_sdio.c ****   * @param  new_state (TRUE or FALSE)
 228:bsp/libraries/drivers/src/at32f435_437_sdio.c ****   * @retval none
 229:bsp/libraries/drivers/src/at32f435_437_sdio.c ****   */
 230:bsp/libraries/drivers/src/at32f435_437_sdio.c **** void sdio_interrupt_enable(sdio_type *sdio_x, uint32_t int_opt,  confirm_state new_state)
 231:bsp/libraries/drivers/src/at32f435_437_sdio.c **** {
 322              		.loc 1 231 1 is_stmt 1 view -0
 323              		.cfi_startproc
 324              		@ args = 0, pretend = 0, frame = 0
 325              		@ frame_needed = 0, uses_anonymous_args = 0
 326              		@ link register save eliminated.
 232:bsp/libraries/drivers/src/at32f435_437_sdio.c ****   /* enable interrupt */
 233:bsp/libraries/drivers/src/at32f435_437_sdio.c ****   if(TRUE == new_state)
 327              		.loc 1 233 3 view .LVU63
 328              		.loc 1 233 5 is_stmt 0 view .LVU64
 329 0000 012A     		cmp	r2, #1
 330 0002 04D0     		beq	.L16
 234:bsp/libraries/drivers/src/at32f435_437_sdio.c ****   {
 235:bsp/libraries/drivers/src/at32f435_437_sdio.c ****     sdio_x->inten |= int_opt;
 236:bsp/libraries/drivers/src/at32f435_437_sdio.c ****   }
 237:bsp/libraries/drivers/src/at32f435_437_sdio.c ****   /* disable interrupt */
 238:bsp/libraries/drivers/src/at32f435_437_sdio.c ****   else
 239:bsp/libraries/drivers/src/at32f435_437_sdio.c ****   {
 240:bsp/libraries/drivers/src/at32f435_437_sdio.c ****     sdio_x->inten &= ~(int_opt);
 331              		.loc 1 240 5 is_stmt 1 view .LVU65
 332              		.loc 1 240 19 is_stmt 0 view .LVU66
 333 0004 C36B     		ldr	r3, [r0, #60]
 334 0006 23EA0101 		bic	r1, r3, r1
 335              	.LVL14:
 336              		.loc 1 240 19 view .LVU67
 337 000a C163     		str	r1, [r0, #60]
 241:bsp/libraries/drivers/src/at32f435_437_sdio.c ****   }
 242:bsp/libraries/drivers/src/at32f435_437_sdio.c **** }
 338              		.loc 1 242 1 view .LVU68
 339 000c 7047     		bx	lr
 340              	.LVL15:
 341              	.L16:
 235:bsp/libraries/drivers/src/at32f435_437_sdio.c ****   }
 342              		.loc 1 235 5 is_stmt 1 view .LVU69
 235:bsp/libraries/drivers/src/at32f435_437_sdio.c ****   }
 343              		.loc 1 235 19 is_stmt 0 view .LVU70
 344 000e C36B     		ldr	r3, [r0, #60]
 345 0010 1943     		orrs	r1, r1, r3
 346              	.LVL16:
 235:bsp/libraries/drivers/src/at32f435_437_sdio.c ****   }
ARM GAS  C:\Users\user\AppData\Local\Temp\ccxzUoTd.s 			page 11


 347              		.loc 1 235 19 view .LVU71
 348 0012 C163     		str	r1, [r0, #60]
 349 0014 7047     		bx	lr
 350              		.cfi_endproc
 351              	.LFE143:
 353              		.section	.text.sdio_interrupt_flag_get,"ax",%progbits
 354              		.align	1
 355              		.global	sdio_interrupt_flag_get
 356              		.syntax unified
 357              		.thumb
 358              		.thumb_func
 360              	sdio_interrupt_flag_get:
 361              	.LVL17:
 362              	.LFB144:
 243:bsp/libraries/drivers/src/at32f435_437_sdio.c **** 
 244:bsp/libraries/drivers/src/at32f435_437_sdio.c **** /**
 245:bsp/libraries/drivers/src/at32f435_437_sdio.c ****   * @brief  get sdio interrupt flag.
 246:bsp/libraries/drivers/src/at32f435_437_sdio.c ****   * @param  sdio_x: to select the sdio peripheral.
 247:bsp/libraries/drivers/src/at32f435_437_sdio.c ****   *         this parameter can be one of the following values:
 248:bsp/libraries/drivers/src/at32f435_437_sdio.c ****   *         SDIO1, SDIO2.
 249:bsp/libraries/drivers/src/at32f435_437_sdio.c ****   * @param  flag
 250:bsp/libraries/drivers/src/at32f435_437_sdio.c ****   *         this parameter can be one of the following values:
 251:bsp/libraries/drivers/src/at32f435_437_sdio.c ****   *         - SDIO_CMDFAIL_FLAG
 252:bsp/libraries/drivers/src/at32f435_437_sdio.c ****   *         - SDIO_DTFAIL_FLAG
 253:bsp/libraries/drivers/src/at32f435_437_sdio.c ****   *         - SDIO_CMDTIMEOUT_FLAG
 254:bsp/libraries/drivers/src/at32f435_437_sdio.c ****   *         - SDIO_DTTIMEOUT_FLAG
 255:bsp/libraries/drivers/src/at32f435_437_sdio.c ****   *         - SDIO_TXERRU_FLAG
 256:bsp/libraries/drivers/src/at32f435_437_sdio.c ****   *         - SDIO_RXERRO_FLAG
 257:bsp/libraries/drivers/src/at32f435_437_sdio.c ****   *         - SDIO_CMDRSPCMPL_FLAG
 258:bsp/libraries/drivers/src/at32f435_437_sdio.c ****   *         - SDIO_CMDCMPL_FLAG
 259:bsp/libraries/drivers/src/at32f435_437_sdio.c ****   *         - SDIO_DTCMPL_FLAG
 260:bsp/libraries/drivers/src/at32f435_437_sdio.c ****   *         - SDIO_SBITERR_FLAG
 261:bsp/libraries/drivers/src/at32f435_437_sdio.c ****   *         - SDIO_DTBLKCMPL_FLAG
 262:bsp/libraries/drivers/src/at32f435_437_sdio.c ****   *         - SDIO_DOCMD_FLAG
 263:bsp/libraries/drivers/src/at32f435_437_sdio.c ****   *         - SDIO_DOTX_FLAG
 264:bsp/libraries/drivers/src/at32f435_437_sdio.c ****   *         - SDIO_DORX_FLAG
 265:bsp/libraries/drivers/src/at32f435_437_sdio.c ****   *         - SDIO_TXBUFH_FLAG
 266:bsp/libraries/drivers/src/at32f435_437_sdio.c ****   *         - SDIO_RXBUFH_FLAG
 267:bsp/libraries/drivers/src/at32f435_437_sdio.c ****   *         - SDIO_TXBUFF_FLAG
 268:bsp/libraries/drivers/src/at32f435_437_sdio.c ****   *         - SDIO_RXBUFF_FLAG
 269:bsp/libraries/drivers/src/at32f435_437_sdio.c ****   *         - SDIO_TXBUFE_FLAG
 270:bsp/libraries/drivers/src/at32f435_437_sdio.c ****   *         - SDIO_RXBUFE_FLAG
 271:bsp/libraries/drivers/src/at32f435_437_sdio.c ****   *         - SDIO_TXBUF_FLAG
 272:bsp/libraries/drivers/src/at32f435_437_sdio.c ****   *         - SDIO_RXBUF_FLAG
 273:bsp/libraries/drivers/src/at32f435_437_sdio.c ****   *         - SDIO_SDIOIF_FLAG
 274:bsp/libraries/drivers/src/at32f435_437_sdio.c ****   * @retval flag_status (SET or RESET)
 275:bsp/libraries/drivers/src/at32f435_437_sdio.c ****   */
 276:bsp/libraries/drivers/src/at32f435_437_sdio.c **** flag_status sdio_interrupt_flag_get(sdio_type *sdio_x, uint32_t flag)
 277:bsp/libraries/drivers/src/at32f435_437_sdio.c **** {
 363              		.loc 1 277 1 is_stmt 1 view -0
 364              		.cfi_startproc
 365              		@ args = 0, pretend = 0, frame = 0
 366              		@ frame_needed = 0, uses_anonymous_args = 0
 367              		@ link register save eliminated.
 278:bsp/libraries/drivers/src/at32f435_437_sdio.c ****   flag_status status = RESET;
 368              		.loc 1 278 3 view .LVU73
 279:bsp/libraries/drivers/src/at32f435_437_sdio.c **** 
ARM GAS  C:\Users\user\AppData\Local\Temp\ccxzUoTd.s 			page 12


 280:bsp/libraries/drivers/src/at32f435_437_sdio.c ****   if((sdio_x->inten & flag) && (sdio_x->sts & flag))
 369              		.loc 1 280 3 view .LVU74
 370              		.loc 1 280 13 is_stmt 0 view .LVU75
 371 0000 C36B     		ldr	r3, [r0, #60]
 372              		.loc 1 280 5 view .LVU76
 373 0002 0B42     		tst	r3, r1
 374 0004 04D0     		beq	.L19
 375              		.loc 1 280 39 discriminator 1 view .LVU77
 376 0006 436B     		ldr	r3, [r0, #52]
 377              		.loc 1 280 29 discriminator 1 view .LVU78
 378 0008 0B42     		tst	r3, r1
 379 000a 03D1     		bne	.L20
 278:bsp/libraries/drivers/src/at32f435_437_sdio.c ****   flag_status status = RESET;
 380              		.loc 1 278 15 view .LVU79
 381 000c 0020     		movs	r0, #0
 382              	.LVL18:
 278:bsp/libraries/drivers/src/at32f435_437_sdio.c ****   flag_status status = RESET;
 383              		.loc 1 278 15 view .LVU80
 384 000e 7047     		bx	lr
 385              	.LVL19:
 386              	.L19:
 278:bsp/libraries/drivers/src/at32f435_437_sdio.c ****   flag_status status = RESET;
 387              		.loc 1 278 15 view .LVU81
 388 0010 0020     		movs	r0, #0
 389              	.LVL20:
 278:bsp/libraries/drivers/src/at32f435_437_sdio.c ****   flag_status status = RESET;
 390              		.loc 1 278 15 view .LVU82
 391 0012 7047     		bx	lr
 392              	.LVL21:
 393              	.L20:
 281:bsp/libraries/drivers/src/at32f435_437_sdio.c ****   {
 282:bsp/libraries/drivers/src/at32f435_437_sdio.c ****     status = SET;
 394              		.loc 1 282 12 view .LVU83
 395 0014 0120     		movs	r0, #1
 396              	.LVL22:
 283:bsp/libraries/drivers/src/at32f435_437_sdio.c ****   }
 284:bsp/libraries/drivers/src/at32f435_437_sdio.c **** 
 285:bsp/libraries/drivers/src/at32f435_437_sdio.c ****   return status;
 397              		.loc 1 285 3 is_stmt 1 view .LVU84
 286:bsp/libraries/drivers/src/at32f435_437_sdio.c **** }
 398              		.loc 1 286 1 is_stmt 0 view .LVU85
 399 0016 7047     		bx	lr
 400              		.cfi_endproc
 401              	.LFE144:
 403              		.section	.text.sdio_flag_get,"ax",%progbits
 404              		.align	1
 405              		.global	sdio_flag_get
 406              		.syntax unified
 407              		.thumb
 408              		.thumb_func
 410              	sdio_flag_get:
 411              	.LVL23:
 412              	.LFB145:
 287:bsp/libraries/drivers/src/at32f435_437_sdio.c **** 
 288:bsp/libraries/drivers/src/at32f435_437_sdio.c **** /**
 289:bsp/libraries/drivers/src/at32f435_437_sdio.c ****   * @brief  get sdio flag.
 290:bsp/libraries/drivers/src/at32f435_437_sdio.c ****   * @param  sdio_x: to select the sdio peripheral.
ARM GAS  C:\Users\user\AppData\Local\Temp\ccxzUoTd.s 			page 13


 291:bsp/libraries/drivers/src/at32f435_437_sdio.c ****   *         this parameter can be one of the following values:
 292:bsp/libraries/drivers/src/at32f435_437_sdio.c ****   *         SDIO1, SDIO2.
 293:bsp/libraries/drivers/src/at32f435_437_sdio.c ****   * @param  flag
 294:bsp/libraries/drivers/src/at32f435_437_sdio.c ****   *         this parameter can be one of the following values:
 295:bsp/libraries/drivers/src/at32f435_437_sdio.c ****   *         - SDIO_CMDFAIL_FLAG
 296:bsp/libraries/drivers/src/at32f435_437_sdio.c ****   *         - SDIO_DTFAIL_FLAG
 297:bsp/libraries/drivers/src/at32f435_437_sdio.c ****   *         - SDIO_CMDTIMEOUT_FLAG
 298:bsp/libraries/drivers/src/at32f435_437_sdio.c ****   *         - SDIO_DTTIMEOUT_FLAG
 299:bsp/libraries/drivers/src/at32f435_437_sdio.c ****   *         - SDIO_TXERRU_FLAG
 300:bsp/libraries/drivers/src/at32f435_437_sdio.c ****   *         - SDIO_RXERRO_FLAG
 301:bsp/libraries/drivers/src/at32f435_437_sdio.c ****   *         - SDIO_CMDRSPCMPL_FLAG
 302:bsp/libraries/drivers/src/at32f435_437_sdio.c ****   *         - SDIO_CMDCMPL_FLAG
 303:bsp/libraries/drivers/src/at32f435_437_sdio.c ****   *         - SDIO_DTCMPL_FLAG
 304:bsp/libraries/drivers/src/at32f435_437_sdio.c ****   *         - SDIO_SBITERR_FLAG
 305:bsp/libraries/drivers/src/at32f435_437_sdio.c ****   *         - SDIO_DTBLKCMPL_FLAG
 306:bsp/libraries/drivers/src/at32f435_437_sdio.c ****   *         - SDIO_DOCMD_FLAG
 307:bsp/libraries/drivers/src/at32f435_437_sdio.c ****   *         - SDIO_DOTX_FLAG
 308:bsp/libraries/drivers/src/at32f435_437_sdio.c ****   *         - SDIO_DORX_FLAG
 309:bsp/libraries/drivers/src/at32f435_437_sdio.c ****   *         - SDIO_TXBUFH_FLAG
 310:bsp/libraries/drivers/src/at32f435_437_sdio.c ****   *         - SDIO_RXBUFH_FLAG
 311:bsp/libraries/drivers/src/at32f435_437_sdio.c ****   *         - SDIO_TXBUFF_FLAG
 312:bsp/libraries/drivers/src/at32f435_437_sdio.c ****   *         - SDIO_RXBUFF_FLAG
 313:bsp/libraries/drivers/src/at32f435_437_sdio.c ****   *         - SDIO_TXBUFE_FLAG
 314:bsp/libraries/drivers/src/at32f435_437_sdio.c ****   *         - SDIO_RXBUFE_FLAG
 315:bsp/libraries/drivers/src/at32f435_437_sdio.c ****   *         - SDIO_TXBUF_FLAG
 316:bsp/libraries/drivers/src/at32f435_437_sdio.c ****   *         - SDIO_RXBUF_FLAG
 317:bsp/libraries/drivers/src/at32f435_437_sdio.c ****   *         - SDIO_SDIOIF_FLAG
 318:bsp/libraries/drivers/src/at32f435_437_sdio.c ****   * @retval flag_status (SET or RESET)
 319:bsp/libraries/drivers/src/at32f435_437_sdio.c ****   */
 320:bsp/libraries/drivers/src/at32f435_437_sdio.c **** flag_status sdio_flag_get(sdio_type *sdio_x, uint32_t flag)
 321:bsp/libraries/drivers/src/at32f435_437_sdio.c **** {
 413              		.loc 1 321 1 is_stmt 1 view -0
 414              		.cfi_startproc
 415              		@ args = 0, pretend = 0, frame = 0
 416              		@ frame_needed = 0, uses_anonymous_args = 0
 417              		@ link register save eliminated.
 322:bsp/libraries/drivers/src/at32f435_437_sdio.c ****   flag_status status = RESET;
 418              		.loc 1 322 3 view .LVU87
 323:bsp/libraries/drivers/src/at32f435_437_sdio.c **** 
 324:bsp/libraries/drivers/src/at32f435_437_sdio.c ****   if((sdio_x->sts & flag) == flag)
 419              		.loc 1 324 3 view .LVU88
 420              		.loc 1 324 13 is_stmt 0 view .LVU89
 421 0000 436B     		ldr	r3, [r0, #52]
 422              		.loc 1 324 5 view .LVU90
 423 0002 31EA0303 		bics	r3, r1, r3
 424 0006 01D0     		beq	.L24
 325:bsp/libraries/drivers/src/at32f435_437_sdio.c ****   {
 326:bsp/libraries/drivers/src/at32f435_437_sdio.c ****     status = SET;
 327:bsp/libraries/drivers/src/at32f435_437_sdio.c ****   }
 328:bsp/libraries/drivers/src/at32f435_437_sdio.c ****   else
 329:bsp/libraries/drivers/src/at32f435_437_sdio.c ****   {
 330:bsp/libraries/drivers/src/at32f435_437_sdio.c ****     status = RESET;
 425              		.loc 1 330 12 view .LVU91
 426 0008 0020     		movs	r0, #0
 427              	.LVL24:
 331:bsp/libraries/drivers/src/at32f435_437_sdio.c ****   }
 332:bsp/libraries/drivers/src/at32f435_437_sdio.c **** 
ARM GAS  C:\Users\user\AppData\Local\Temp\ccxzUoTd.s 			page 14


 333:bsp/libraries/drivers/src/at32f435_437_sdio.c ****   return status;
 428              		.loc 1 333 3 is_stmt 1 view .LVU92
 334:bsp/libraries/drivers/src/at32f435_437_sdio.c **** }
 429              		.loc 1 334 1 is_stmt 0 view .LVU93
 430 000a 7047     		bx	lr
 431              	.LVL25:
 432              	.L24:
 326:bsp/libraries/drivers/src/at32f435_437_sdio.c ****   }
 433              		.loc 1 326 12 view .LVU94
 434 000c 0120     		movs	r0, #1
 435              	.LVL26:
 326:bsp/libraries/drivers/src/at32f435_437_sdio.c ****   }
 436              		.loc 1 326 12 view .LVU95
 437 000e 7047     		bx	lr
 438              		.cfi_endproc
 439              	.LFE145:
 441              		.section	.text.sdio_flag_clear,"ax",%progbits
 442              		.align	1
 443              		.global	sdio_flag_clear
 444              		.syntax unified
 445              		.thumb
 446              		.thumb_func
 448              	sdio_flag_clear:
 449              	.LVL27:
 450              	.LFB146:
 335:bsp/libraries/drivers/src/at32f435_437_sdio.c **** 
 336:bsp/libraries/drivers/src/at32f435_437_sdio.c **** /**
 337:bsp/libraries/drivers/src/at32f435_437_sdio.c ****   * @brief  clear sdio flag.
 338:bsp/libraries/drivers/src/at32f435_437_sdio.c ****   * @param  sdio_x: to select the sdio peripheral.
 339:bsp/libraries/drivers/src/at32f435_437_sdio.c ****   *         this parameter can be one of the following values:
 340:bsp/libraries/drivers/src/at32f435_437_sdio.c ****   *         SDIO1, SDIO2.
 341:bsp/libraries/drivers/src/at32f435_437_sdio.c ****   * @param  int_opt
 342:bsp/libraries/drivers/src/at32f435_437_sdio.c ****   *         this parameter can be any combination of the following values:
 343:bsp/libraries/drivers/src/at32f435_437_sdio.c ****   *         - SDIO_CMDFAIL_FLAG
 344:bsp/libraries/drivers/src/at32f435_437_sdio.c ****   *         - SDIO_DTFAIL_FLAG
 345:bsp/libraries/drivers/src/at32f435_437_sdio.c ****   *         - SDIO_CMDTIMEOUT_FLAG
 346:bsp/libraries/drivers/src/at32f435_437_sdio.c ****   *         - SDIO_DTTIMEOUT_FLAG
 347:bsp/libraries/drivers/src/at32f435_437_sdio.c ****   *         - SDIO_TXERRU_FLAG
 348:bsp/libraries/drivers/src/at32f435_437_sdio.c ****   *         - SDIO_RXERRO_FLAG
 349:bsp/libraries/drivers/src/at32f435_437_sdio.c ****   *         - SDIO_CMDRSPCMPL_FLAG
 350:bsp/libraries/drivers/src/at32f435_437_sdio.c ****   *         - SDIO_CMDCMPL_FLAG
 351:bsp/libraries/drivers/src/at32f435_437_sdio.c ****   *         - SDIO_DTCMPL_FLAG
 352:bsp/libraries/drivers/src/at32f435_437_sdio.c ****   *         - SDIO_SBITERR_FLAG
 353:bsp/libraries/drivers/src/at32f435_437_sdio.c ****   *         - SDIO_DTBLKCMPL_FLAG
 354:bsp/libraries/drivers/src/at32f435_437_sdio.c ****   *         - SDIO_SDIOIF_FLAG
 355:bsp/libraries/drivers/src/at32f435_437_sdio.c ****   * @retval none
 356:bsp/libraries/drivers/src/at32f435_437_sdio.c ****   */
 357:bsp/libraries/drivers/src/at32f435_437_sdio.c **** void sdio_flag_clear(sdio_type *sdio_x, uint32_t flag)
 358:bsp/libraries/drivers/src/at32f435_437_sdio.c **** {
 451              		.loc 1 358 1 is_stmt 1 view -0
 452              		.cfi_startproc
 453              		@ args = 0, pretend = 0, frame = 0
 454              		@ frame_needed = 0, uses_anonymous_args = 0
 455              		@ link register save eliminated.
 359:bsp/libraries/drivers/src/at32f435_437_sdio.c ****   sdio_x->intclr = flag;
 456              		.loc 1 359 3 view .LVU97
 457              		.loc 1 359 18 is_stmt 0 view .LVU98
ARM GAS  C:\Users\user\AppData\Local\Temp\ccxzUoTd.s 			page 15


 458 0000 8163     		str	r1, [r0, #56]
 360:bsp/libraries/drivers/src/at32f435_437_sdio.c **** }
 459              		.loc 1 360 1 view .LVU99
 460 0002 7047     		bx	lr
 461              		.cfi_endproc
 462              	.LFE146:
 464              		.section	.text.sdio_command_config,"ax",%progbits
 465              		.align	1
 466              		.global	sdio_command_config
 467              		.syntax unified
 468              		.thumb
 469              		.thumb_func
 471              	sdio_command_config:
 472              	.LVL28:
 473              	.LFB147:
 361:bsp/libraries/drivers/src/at32f435_437_sdio.c **** 
 362:bsp/libraries/drivers/src/at32f435_437_sdio.c **** /**
 363:bsp/libraries/drivers/src/at32f435_437_sdio.c ****   * @brief  config sdio command.
 364:bsp/libraries/drivers/src/at32f435_437_sdio.c ****   * @param  sdio_x: to select the sdio peripheral.
 365:bsp/libraries/drivers/src/at32f435_437_sdio.c ****   *         this parameter can be one of the following values:
 366:bsp/libraries/drivers/src/at32f435_437_sdio.c ****   *         SDIO1, SDIO2.
 367:bsp/libraries/drivers/src/at32f435_437_sdio.c ****   * @param  command_struct : pointer to a sdio_command_struct_type structure
 368:bsp/libraries/drivers/src/at32f435_437_sdio.c ****   *         that contains the configuration information for the sdio command.
 369:bsp/libraries/drivers/src/at32f435_437_sdio.c ****   * @retval none
 370:bsp/libraries/drivers/src/at32f435_437_sdio.c ****   */
 371:bsp/libraries/drivers/src/at32f435_437_sdio.c **** void sdio_command_config(sdio_type *sdio_x, sdio_command_struct_type *command_struct)
 372:bsp/libraries/drivers/src/at32f435_437_sdio.c **** {
 474              		.loc 1 372 1 is_stmt 1 view -0
 475              		.cfi_startproc
 476              		@ args = 0, pretend = 0, frame = 0
 477              		@ frame_needed = 0, uses_anonymous_args = 0
 478              		@ link register save eliminated.
 373:bsp/libraries/drivers/src/at32f435_437_sdio.c ****   /* disable command path state machine */
 374:bsp/libraries/drivers/src/at32f435_437_sdio.c ****   sdio_x->cmdctrl_bit.ccsmen = FALSE;
 479              		.loc 1 374 3 view .LVU101
 480              		.loc 1 374 30 is_stmt 0 view .LVU102
 481 0000 C368     		ldr	r3, [r0, #12]
 482 0002 6FF38A23 		bfc	r3, #10, #1
 483 0006 C360     		str	r3, [r0, #12]
 375:bsp/libraries/drivers/src/at32f435_437_sdio.c **** 
 376:bsp/libraries/drivers/src/at32f435_437_sdio.c ****   /* config command argument */
 377:bsp/libraries/drivers/src/at32f435_437_sdio.c ****   sdio_x->argu = command_struct->argument;
 484              		.loc 1 377 3 is_stmt 1 view .LVU103
 485              		.loc 1 377 32 is_stmt 0 view .LVU104
 486 0008 0B68     		ldr	r3, [r1]
 487              		.loc 1 377 16 view .LVU105
 488 000a 8360     		str	r3, [r0, #8]
 378:bsp/libraries/drivers/src/at32f435_437_sdio.c **** 
 379:bsp/libraries/drivers/src/at32f435_437_sdio.c ****   /* config command register */
 380:bsp/libraries/drivers/src/at32f435_437_sdio.c ****   sdio_x->cmdctrl_bit.cmdidx = command_struct->cmd_index;
 489              		.loc 1 380 3 is_stmt 1 view .LVU106
 490              		.loc 1 380 46 is_stmt 0 view .LVU107
 491 000c 0A79     		ldrb	r2, [r1, #4]	@ zero_extendqisi2
 492              		.loc 1 380 30 view .LVU108
 493 000e C368     		ldr	r3, [r0, #12]
 494 0010 62F30503 		bfi	r3, r2, #0, #6
 495 0014 C360     		str	r3, [r0, #12]
ARM GAS  C:\Users\user\AppData\Local\Temp\ccxzUoTd.s 			page 16


 381:bsp/libraries/drivers/src/at32f435_437_sdio.c ****   sdio_x->cmdctrl_bit.rspwt = command_struct->rsp_type;
 496              		.loc 1 381 3 is_stmt 1 view .LVU109
 497              		.loc 1 381 45 is_stmt 0 view .LVU110
 498 0016 4A79     		ldrb	r2, [r1, #5]	@ zero_extendqisi2
 499              		.loc 1 381 29 view .LVU111
 500 0018 C368     		ldr	r3, [r0, #12]
 501 001a 62F38713 		bfi	r3, r2, #6, #2
 502 001e C360     		str	r3, [r0, #12]
 382:bsp/libraries/drivers/src/at32f435_437_sdio.c ****   sdio_x->cmdctrl_bit.intwt = (command_struct->wait_type & 0x1); /* [1:0] -> [0] */
 503              		.loc 1 382 3 is_stmt 1 view .LVU112
 504              		.loc 1 382 46 is_stmt 0 view .LVU113
 505 0020 8A79     		ldrb	r2, [r1, #6]	@ zero_extendqisi2
 506              		.loc 1 382 29 view .LVU114
 507 0022 C368     		ldr	r3, [r0, #12]
 508 0024 62F30823 		bfi	r3, r2, #8, #1
 509 0028 C360     		str	r3, [r0, #12]
 383:bsp/libraries/drivers/src/at32f435_437_sdio.c ****   sdio_x->cmdctrl_bit.pndwt = (command_struct->wait_type & 0x2)>>1; /* [1:0] -> [1] */
 510              		.loc 1 383 3 is_stmt 1 view .LVU115
 511              		.loc 1 383 46 is_stmt 0 view .LVU116
 512 002a 8B79     		ldrb	r3, [r1, #6]	@ zero_extendqisi2
 513              		.loc 1 383 64 view .LVU117
 514 002c C3F34003 		ubfx	r3, r3, #1, #1
 515              		.loc 1 383 29 view .LVU118
 516 0030 C268     		ldr	r2, [r0, #12]
 517 0032 63F34922 		bfi	r2, r3, #9, #1
 518 0036 C260     		str	r2, [r0, #12]
 384:bsp/libraries/drivers/src/at32f435_437_sdio.c **** }
 519              		.loc 1 384 1 view .LVU119
 520 0038 7047     		bx	lr
 521              		.cfi_endproc
 522              	.LFE147:
 524              		.section	.text.sdio_command_state_machine_enable,"ax",%progbits
 525              		.align	1
 526              		.global	sdio_command_state_machine_enable
 527              		.syntax unified
 528              		.thumb
 529              		.thumb_func
 531              	sdio_command_state_machine_enable:
 532              	.LVL29:
 533              	.LFB148:
 385:bsp/libraries/drivers/src/at32f435_437_sdio.c **** 
 386:bsp/libraries/drivers/src/at32f435_437_sdio.c **** /**
 387:bsp/libraries/drivers/src/at32f435_437_sdio.c ****   * @brief  enable or disable command path state machine(CPSM).
 388:bsp/libraries/drivers/src/at32f435_437_sdio.c ****   * @param  sdio_x: to select the sdio peripheral.
 389:bsp/libraries/drivers/src/at32f435_437_sdio.c ****   *         this parameter can be one of the following values:
 390:bsp/libraries/drivers/src/at32f435_437_sdio.c ****   *         SDIO1, SDIO2.
 391:bsp/libraries/drivers/src/at32f435_437_sdio.c ****   * @param  new_state (TRUE or FALSE)
 392:bsp/libraries/drivers/src/at32f435_437_sdio.c ****   * @retval none
 393:bsp/libraries/drivers/src/at32f435_437_sdio.c ****   */
 394:bsp/libraries/drivers/src/at32f435_437_sdio.c **** void sdio_command_state_machine_enable(sdio_type *sdio_x, confirm_state new_state)
 395:bsp/libraries/drivers/src/at32f435_437_sdio.c **** {
 534              		.loc 1 395 1 is_stmt 1 view -0
 535              		.cfi_startproc
 536              		@ args = 0, pretend = 0, frame = 0
 537              		@ frame_needed = 0, uses_anonymous_args = 0
 538              		@ link register save eliminated.
 396:bsp/libraries/drivers/src/at32f435_437_sdio.c ****   sdio_x->cmdctrl_bit.ccsmen = new_state;
ARM GAS  C:\Users\user\AppData\Local\Temp\ccxzUoTd.s 			page 17


 539              		.loc 1 396 3 view .LVU121
 540              		.loc 1 396 30 is_stmt 0 view .LVU122
 541 0000 C368     		ldr	r3, [r0, #12]
 542 0002 61F38A23 		bfi	r3, r1, #10, #1
 543 0006 C360     		str	r3, [r0, #12]
 397:bsp/libraries/drivers/src/at32f435_437_sdio.c **** }
 544              		.loc 1 397 1 view .LVU123
 545 0008 7047     		bx	lr
 546              		.cfi_endproc
 547              	.LFE148:
 549              		.section	.text.sdio_command_response_get,"ax",%progbits
 550              		.align	1
 551              		.global	sdio_command_response_get
 552              		.syntax unified
 553              		.thumb
 554              		.thumb_func
 556              	sdio_command_response_get:
 557              	.LVL30:
 558              	.LFB149:
 398:bsp/libraries/drivers/src/at32f435_437_sdio.c **** 
 399:bsp/libraries/drivers/src/at32f435_437_sdio.c **** /**
 400:bsp/libraries/drivers/src/at32f435_437_sdio.c ****   * @brief  get command index of last command for which response received.
 401:bsp/libraries/drivers/src/at32f435_437_sdio.c ****   * @param  sdio_x: to select the sdio peripheral.
 402:bsp/libraries/drivers/src/at32f435_437_sdio.c ****   *         this parameter can be one of the following values:
 403:bsp/libraries/drivers/src/at32f435_437_sdio.c ****   *         SDIO1, SDIO2.
 404:bsp/libraries/drivers/src/at32f435_437_sdio.c ****   * @param  new_state (TRUE or FALSE)
 405:bsp/libraries/drivers/src/at32f435_437_sdio.c ****   * @retval uint8_t: command index
 406:bsp/libraries/drivers/src/at32f435_437_sdio.c ****   */
 407:bsp/libraries/drivers/src/at32f435_437_sdio.c **** uint8_t sdio_command_response_get(sdio_type *sdio_x)
 408:bsp/libraries/drivers/src/at32f435_437_sdio.c **** {
 559              		.loc 1 408 1 is_stmt 1 view -0
 560              		.cfi_startproc
 561              		@ args = 0, pretend = 0, frame = 0
 562              		@ frame_needed = 0, uses_anonymous_args = 0
 563              		@ link register save eliminated.
 409:bsp/libraries/drivers/src/at32f435_437_sdio.c ****   return sdio_x->rspcmd_bit.rspcmd;
 564              		.loc 1 409 3 view .LVU125
 565              		.loc 1 409 28 is_stmt 0 view .LVU126
 566 0000 0069     		ldr	r0, [r0, #16]
 567              	.LVL31:
 410:bsp/libraries/drivers/src/at32f435_437_sdio.c **** }
 568              		.loc 1 410 1 view .LVU127
 569 0002 00F03F00 		and	r0, r0, #63
 570 0006 7047     		bx	lr
 571              		.cfi_endproc
 572              	.LFE149:
 574              		.section	.text.sdio_response_get,"ax",%progbits
 575              		.align	1
 576              		.global	sdio_response_get
 577              		.syntax unified
 578              		.thumb
 579              		.thumb_func
 581              	sdio_response_get:
 582              	.LVL32:
 583              	.LFB150:
 411:bsp/libraries/drivers/src/at32f435_437_sdio.c **** 
 412:bsp/libraries/drivers/src/at32f435_437_sdio.c **** /**
ARM GAS  C:\Users\user\AppData\Local\Temp\ccxzUoTd.s 			page 18


 413:bsp/libraries/drivers/src/at32f435_437_sdio.c ****   * @brief  get response received from the card for the last command.
 414:bsp/libraries/drivers/src/at32f435_437_sdio.c ****   * @param  sdio_x: to select the sdio peripheral.
 415:bsp/libraries/drivers/src/at32f435_437_sdio.c ****   *         this parameter can be one of the following values:
 416:bsp/libraries/drivers/src/at32f435_437_sdio.c ****   *         SDIO1, SDIO2.
 417:bsp/libraries/drivers/src/at32f435_437_sdio.c ****   * @param  reg_index
 418:bsp/libraries/drivers/src/at32f435_437_sdio.c ****   *         this parameter can be one of the following values:
 419:bsp/libraries/drivers/src/at32f435_437_sdio.c ****   *         - SDIO_RSP1_INDEX
 420:bsp/libraries/drivers/src/at32f435_437_sdio.c ****   *         - SDIO_RSP2_INDEX
 421:bsp/libraries/drivers/src/at32f435_437_sdio.c ****   *         - SDIO_RSP3_INDEX
 422:bsp/libraries/drivers/src/at32f435_437_sdio.c ****   *         - SDIO_RSP4_INDEX
 423:bsp/libraries/drivers/src/at32f435_437_sdio.c ****   * @retval uint32_t: response register value
 424:bsp/libraries/drivers/src/at32f435_437_sdio.c ****   */
 425:bsp/libraries/drivers/src/at32f435_437_sdio.c **** uint32_t sdio_response_get(sdio_type *sdio_x, sdio_rsp_index_type reg_index)
 426:bsp/libraries/drivers/src/at32f435_437_sdio.c **** {
 584              		.loc 1 426 1 is_stmt 1 view -0
 585              		.cfi_startproc
 586              		@ args = 0, pretend = 0, frame = 0
 587              		@ frame_needed = 0, uses_anonymous_args = 0
 588              		@ link register save eliminated.
 427:bsp/libraries/drivers/src/at32f435_437_sdio.c ****   uint32_t response_value = 0;
 589              		.loc 1 427 3 view .LVU129
 428:bsp/libraries/drivers/src/at32f435_437_sdio.c **** 
 429:bsp/libraries/drivers/src/at32f435_437_sdio.c ****   switch(reg_index)
 590              		.loc 1 429 3 view .LVU130
 591 0000 0329     		cmp	r1, #3
 592 0002 0BD8     		bhi	.L36
 593 0004 DFE801F0 		tbb	[pc, r1]
 594              	.L32:
 595 0008 02       		.byte	(.L35-.L32)/2
 596 0009 04       		.byte	(.L34-.L32)/2
 597 000a 06       		.byte	(.L33-.L32)/2
 598 000b 08       		.byte	(.L31-.L32)/2
 599              		.p2align 1
 600              	.L35:
 430:bsp/libraries/drivers/src/at32f435_437_sdio.c ****   {
 431:bsp/libraries/drivers/src/at32f435_437_sdio.c ****     case SDIO_RSP1_INDEX:
 432:bsp/libraries/drivers/src/at32f435_437_sdio.c ****       response_value = sdio_x->rsp1;
 601              		.loc 1 432 7 view .LVU131
 602              		.loc 1 432 22 is_stmt 0 view .LVU132
 603 000c 4069     		ldr	r0, [r0, #20]
 604              	.LVL33:
 433:bsp/libraries/drivers/src/at32f435_437_sdio.c ****       break;
 605              		.loc 1 433 7 is_stmt 1 view .LVU133
 606 000e 7047     		bx	lr
 607              	.LVL34:
 608              	.L34:
 434:bsp/libraries/drivers/src/at32f435_437_sdio.c ****     case SDIO_RSP2_INDEX:
 435:bsp/libraries/drivers/src/at32f435_437_sdio.c ****       response_value = sdio_x->rsp2;
 609              		.loc 1 435 7 view .LVU134
 610              		.loc 1 435 22 is_stmt 0 view .LVU135
 611 0010 8069     		ldr	r0, [r0, #24]
 612              	.LVL35:
 436:bsp/libraries/drivers/src/at32f435_437_sdio.c ****       break;
 613              		.loc 1 436 7 is_stmt 1 view .LVU136
 614 0012 7047     		bx	lr
 615              	.LVL36:
 616              	.L33:
ARM GAS  C:\Users\user\AppData\Local\Temp\ccxzUoTd.s 			page 19


 437:bsp/libraries/drivers/src/at32f435_437_sdio.c ****     case SDIO_RSP3_INDEX:
 438:bsp/libraries/drivers/src/at32f435_437_sdio.c ****       response_value = sdio_x->rsp3;
 617              		.loc 1 438 7 view .LVU137
 618              		.loc 1 438 22 is_stmt 0 view .LVU138
 619 0014 C069     		ldr	r0, [r0, #28]
 620              	.LVL37:
 439:bsp/libraries/drivers/src/at32f435_437_sdio.c ****       break;
 621              		.loc 1 439 7 is_stmt 1 view .LVU139
 622 0016 7047     		bx	lr
 623              	.LVL38:
 624              	.L31:
 440:bsp/libraries/drivers/src/at32f435_437_sdio.c ****     case SDIO_RSP4_INDEX:
 441:bsp/libraries/drivers/src/at32f435_437_sdio.c ****       response_value = sdio_x->rsp4;
 625              		.loc 1 441 7 view .LVU140
 626              		.loc 1 441 22 is_stmt 0 view .LVU141
 627 0018 006A     		ldr	r0, [r0, #32]
 628              	.LVL39:
 442:bsp/libraries/drivers/src/at32f435_437_sdio.c ****       break;
 629              		.loc 1 442 7 is_stmt 1 view .LVU142
 630 001a 7047     		bx	lr
 631              	.LVL40:
 632              	.L36:
 429:bsp/libraries/drivers/src/at32f435_437_sdio.c ****   {
 633              		.loc 1 429 3 is_stmt 0 view .LVU143
 634 001c 0020     		movs	r0, #0
 635              	.LVL41:
 443:bsp/libraries/drivers/src/at32f435_437_sdio.c ****     default: break;
 444:bsp/libraries/drivers/src/at32f435_437_sdio.c ****   }
 445:bsp/libraries/drivers/src/at32f435_437_sdio.c **** 
 446:bsp/libraries/drivers/src/at32f435_437_sdio.c ****   return response_value;
 636              		.loc 1 446 3 is_stmt 1 view .LVU144
 447:bsp/libraries/drivers/src/at32f435_437_sdio.c **** }
 637              		.loc 1 447 1 is_stmt 0 view .LVU145
 638 001e 7047     		bx	lr
 639              		.cfi_endproc
 640              	.LFE150:
 642              		.section	.text.sdio_data_config,"ax",%progbits
 643              		.align	1
 644              		.global	sdio_data_config
 645              		.syntax unified
 646              		.thumb
 647              		.thumb_func
 649              	sdio_data_config:
 650              	.LVL42:
 651              	.LFB151:
 448:bsp/libraries/drivers/src/at32f435_437_sdio.c **** 
 449:bsp/libraries/drivers/src/at32f435_437_sdio.c **** /**
 450:bsp/libraries/drivers/src/at32f435_437_sdio.c ****   * @brief  config sdio data.
 451:bsp/libraries/drivers/src/at32f435_437_sdio.c ****   * @param  sdio_x: to select the sdio peripheral.
 452:bsp/libraries/drivers/src/at32f435_437_sdio.c ****   *         this parameter can be one of the following values:
 453:bsp/libraries/drivers/src/at32f435_437_sdio.c ****   *         SDIO1, SDIO2.
 454:bsp/libraries/drivers/src/at32f435_437_sdio.c ****   * @param  data_struct : pointer to a sdio_data_struct_type structure
 455:bsp/libraries/drivers/src/at32f435_437_sdio.c ****   *         that contains the configuration information for the sdio data.
 456:bsp/libraries/drivers/src/at32f435_437_sdio.c ****   * @retval none
 457:bsp/libraries/drivers/src/at32f435_437_sdio.c ****   */
 458:bsp/libraries/drivers/src/at32f435_437_sdio.c **** void sdio_data_config(sdio_type *sdio_x, sdio_data_struct_type *data_struct)
 459:bsp/libraries/drivers/src/at32f435_437_sdio.c **** {
ARM GAS  C:\Users\user\AppData\Local\Temp\ccxzUoTd.s 			page 20


 652              		.loc 1 459 1 is_stmt 1 view -0
 653              		.cfi_startproc
 654              		@ args = 0, pretend = 0, frame = 0
 655              		@ frame_needed = 0, uses_anonymous_args = 0
 656              		@ link register save eliminated.
 460:bsp/libraries/drivers/src/at32f435_437_sdio.c ****   /* disable data path state machine */
 461:bsp/libraries/drivers/src/at32f435_437_sdio.c ****   sdio_x->dtctrl_bit.tfren = FALSE;
 657              		.loc 1 461 3 view .LVU147
 658              		.loc 1 461 28 is_stmt 0 view .LVU148
 659 0000 C36A     		ldr	r3, [r0, #44]
 660 0002 6FF30003 		bfc	r3, #0, #1
 661 0006 C362     		str	r3, [r0, #44]
 462:bsp/libraries/drivers/src/at32f435_437_sdio.c **** 
 463:bsp/libraries/drivers/src/at32f435_437_sdio.c ****   /* config data block, transfer mode and transfer direction */
 464:bsp/libraries/drivers/src/at32f435_437_sdio.c ****   sdio_x->dtctrl_bit.blksize = data_struct->block_size;
 662              		.loc 1 464 3 is_stmt 1 view .LVU149
 663              		.loc 1 464 43 is_stmt 0 view .LVU150
 664 0008 0A7A     		ldrb	r2, [r1, #8]	@ zero_extendqisi2
 665              		.loc 1 464 30 view .LVU151
 666 000a C36A     		ldr	r3, [r0, #44]
 667 000c 62F30713 		bfi	r3, r2, #4, #4
 668 0010 C362     		str	r3, [r0, #44]
 465:bsp/libraries/drivers/src/at32f435_437_sdio.c ****   sdio_x->dtctrl_bit.tfrdir = data_struct->transfer_direction;
 669              		.loc 1 465 3 is_stmt 1 view .LVU152
 670              		.loc 1 465 42 is_stmt 0 view .LVU153
 671 0012 8A7A     		ldrb	r2, [r1, #10]	@ zero_extendqisi2
 672              		.loc 1 465 29 view .LVU154
 673 0014 C36A     		ldr	r3, [r0, #44]
 674 0016 62F34103 		bfi	r3, r2, #1, #1
 675 001a C362     		str	r3, [r0, #44]
 466:bsp/libraries/drivers/src/at32f435_437_sdio.c ****   sdio_x->dtctrl_bit.tfrmode = data_struct->transfer_mode;
 676              		.loc 1 466 3 is_stmt 1 view .LVU155
 677              		.loc 1 466 43 is_stmt 0 view .LVU156
 678 001c 4A7A     		ldrb	r2, [r1, #9]	@ zero_extendqisi2
 679              		.loc 1 466 30 view .LVU157
 680 001e C36A     		ldr	r3, [r0, #44]
 681 0020 62F38203 		bfi	r3, r2, #2, #1
 682 0024 C362     		str	r3, [r0, #44]
 467:bsp/libraries/drivers/src/at32f435_437_sdio.c **** 
 468:bsp/libraries/drivers/src/at32f435_437_sdio.c ****   /* config data length */
 469:bsp/libraries/drivers/src/at32f435_437_sdio.c ****   sdio_x->dtlen_bit.dtlen = data_struct->data_length;
 683              		.loc 1 469 3 is_stmt 1 view .LVU158
 684              		.loc 1 469 40 is_stmt 0 view .LVU159
 685 0026 4A68     		ldr	r2, [r1, #4]
 686              		.loc 1 469 27 view .LVU160
 687 0028 836A     		ldr	r3, [r0, #40]
 688 002a 62F31803 		bfi	r3, r2, #0, #25
 689 002e 8362     		str	r3, [r0, #40]
 470:bsp/libraries/drivers/src/at32f435_437_sdio.c **** 
 471:bsp/libraries/drivers/src/at32f435_437_sdio.c ****   /* config data transfer timeout */
 472:bsp/libraries/drivers/src/at32f435_437_sdio.c ****   sdio_x->dttmr_bit.timeout = data_struct->timeout;
 690              		.loc 1 472 3 is_stmt 1 view .LVU161
 691              		.loc 1 472 42 is_stmt 0 view .LVU162
 692 0030 0B68     		ldr	r3, [r1]
 693              		.loc 1 472 29 view .LVU163
 694 0032 4362     		str	r3, [r0, #36]
 473:bsp/libraries/drivers/src/at32f435_437_sdio.c **** }
ARM GAS  C:\Users\user\AppData\Local\Temp\ccxzUoTd.s 			page 21


 695              		.loc 1 473 1 view .LVU164
 696 0034 7047     		bx	lr
 697              		.cfi_endproc
 698              	.LFE151:
 700              		.section	.text.sdio_data_state_machine_enable,"ax",%progbits
 701              		.align	1
 702              		.global	sdio_data_state_machine_enable
 703              		.syntax unified
 704              		.thumb
 705              		.thumb_func
 707              	sdio_data_state_machine_enable:
 708              	.LVL43:
 709              	.LFB152:
 474:bsp/libraries/drivers/src/at32f435_437_sdio.c **** 
 475:bsp/libraries/drivers/src/at32f435_437_sdio.c **** /**
 476:bsp/libraries/drivers/src/at32f435_437_sdio.c ****   * @brief  enable or disable data path state machine(DPSM).
 477:bsp/libraries/drivers/src/at32f435_437_sdio.c ****   * @param  sdio_x: to select the sdio peripheral.
 478:bsp/libraries/drivers/src/at32f435_437_sdio.c ****   *         this parameter can be one of the following values:
 479:bsp/libraries/drivers/src/at32f435_437_sdio.c ****   *         SDIO1, SDIO2.
 480:bsp/libraries/drivers/src/at32f435_437_sdio.c ****   * @param  new_state (TRUE or FALSE)
 481:bsp/libraries/drivers/src/at32f435_437_sdio.c ****   * @retval none
 482:bsp/libraries/drivers/src/at32f435_437_sdio.c ****   */
 483:bsp/libraries/drivers/src/at32f435_437_sdio.c **** void sdio_data_state_machine_enable(sdio_type *sdio_x, confirm_state new_state)
 484:bsp/libraries/drivers/src/at32f435_437_sdio.c **** {
 710              		.loc 1 484 1 is_stmt 1 view -0
 711              		.cfi_startproc
 712              		@ args = 0, pretend = 0, frame = 0
 713              		@ frame_needed = 0, uses_anonymous_args = 0
 714              		@ link register save eliminated.
 485:bsp/libraries/drivers/src/at32f435_437_sdio.c ****   sdio_x->dtctrl_bit.tfren = new_state;
 715              		.loc 1 485 3 view .LVU166
 716              		.loc 1 485 28 is_stmt 0 view .LVU167
 717 0000 C36A     		ldr	r3, [r0, #44]
 718 0002 61F30003 		bfi	r3, r1, #0, #1
 719 0006 C362     		str	r3, [r0, #44]
 486:bsp/libraries/drivers/src/at32f435_437_sdio.c **** }
 720              		.loc 1 486 1 view .LVU168
 721 0008 7047     		bx	lr
 722              		.cfi_endproc
 723              	.LFE152:
 725              		.section	.text.sdio_data_counter_get,"ax",%progbits
 726              		.align	1
 727              		.global	sdio_data_counter_get
 728              		.syntax unified
 729              		.thumb
 730              		.thumb_func
 732              	sdio_data_counter_get:
 733              	.LVL44:
 734              	.LFB153:
 487:bsp/libraries/drivers/src/at32f435_437_sdio.c **** 
 488:bsp/libraries/drivers/src/at32f435_437_sdio.c **** /**
 489:bsp/libraries/drivers/src/at32f435_437_sdio.c ****   * @brief  get the number of remaining data bytes to be transferred.
 490:bsp/libraries/drivers/src/at32f435_437_sdio.c ****   * @param  sdio_x: to select the sdio peripheral.
 491:bsp/libraries/drivers/src/at32f435_437_sdio.c ****   *         this parameter can be one of the following values:
 492:bsp/libraries/drivers/src/at32f435_437_sdio.c ****   *         SDIO1, SDIO2.
 493:bsp/libraries/drivers/src/at32f435_437_sdio.c ****   * @retval uint32_t: number of bytes
 494:bsp/libraries/drivers/src/at32f435_437_sdio.c ****   */
ARM GAS  C:\Users\user\AppData\Local\Temp\ccxzUoTd.s 			page 22


 495:bsp/libraries/drivers/src/at32f435_437_sdio.c **** uint32_t sdio_data_counter_get(sdio_type *sdio_x)
 496:bsp/libraries/drivers/src/at32f435_437_sdio.c **** {
 735              		.loc 1 496 1 is_stmt 1 view -0
 736              		.cfi_startproc
 737              		@ args = 0, pretend = 0, frame = 0
 738              		@ frame_needed = 0, uses_anonymous_args = 0
 739              		@ link register save eliminated.
 497:bsp/libraries/drivers/src/at32f435_437_sdio.c ****   return sdio_x->dtcnt;
 740              		.loc 1 497 3 view .LVU170
 741              		.loc 1 497 16 is_stmt 0 view .LVU171
 742 0000 006B     		ldr	r0, [r0, #48]
 743              	.LVL45:
 498:bsp/libraries/drivers/src/at32f435_437_sdio.c **** }
 744              		.loc 1 498 1 view .LVU172
 745 0002 7047     		bx	lr
 746              		.cfi_endproc
 747              	.LFE153:
 749              		.section	.text.sdio_data_read,"ax",%progbits
 750              		.align	1
 751              		.global	sdio_data_read
 752              		.syntax unified
 753              		.thumb
 754              		.thumb_func
 756              	sdio_data_read:
 757              	.LVL46:
 758              	.LFB154:
 499:bsp/libraries/drivers/src/at32f435_437_sdio.c **** 
 500:bsp/libraries/drivers/src/at32f435_437_sdio.c **** /**
 501:bsp/libraries/drivers/src/at32f435_437_sdio.c ****   * @brief  read a word data from sdio fifo.
 502:bsp/libraries/drivers/src/at32f435_437_sdio.c ****   * @param  sdio_x: to select the sdio peripheral.
 503:bsp/libraries/drivers/src/at32f435_437_sdio.c ****   *         this parameter can be one of the following values:
 504:bsp/libraries/drivers/src/at32f435_437_sdio.c ****   *         SDIO1, SDIO2.
 505:bsp/libraries/drivers/src/at32f435_437_sdio.c ****   * @retval uint32_t: data received
 506:bsp/libraries/drivers/src/at32f435_437_sdio.c ****   */
 507:bsp/libraries/drivers/src/at32f435_437_sdio.c **** uint32_t sdio_data_read(sdio_type *sdio_x)
 508:bsp/libraries/drivers/src/at32f435_437_sdio.c **** {
 759              		.loc 1 508 1 is_stmt 1 view -0
 760              		.cfi_startproc
 761              		@ args = 0, pretend = 0, frame = 0
 762              		@ frame_needed = 0, uses_anonymous_args = 0
 763              		@ link register save eliminated.
 509:bsp/libraries/drivers/src/at32f435_437_sdio.c ****   return sdio_x->buf;
 764              		.loc 1 509 3 view .LVU174
 765              		.loc 1 509 16 is_stmt 0 view .LVU175
 766 0000 D0F88000 		ldr	r0, [r0, #128]
 767              	.LVL47:
 510:bsp/libraries/drivers/src/at32f435_437_sdio.c **** }
 768              		.loc 1 510 1 view .LVU176
 769 0004 7047     		bx	lr
 770              		.cfi_endproc
 771              	.LFE154:
 773              		.section	.text.sdio_buffer_counter_get,"ax",%progbits
 774              		.align	1
 775              		.global	sdio_buffer_counter_get
 776              		.syntax unified
 777              		.thumb
 778              		.thumb_func
ARM GAS  C:\Users\user\AppData\Local\Temp\ccxzUoTd.s 			page 23


 780              	sdio_buffer_counter_get:
 781              	.LVL48:
 782              	.LFB155:
 511:bsp/libraries/drivers/src/at32f435_437_sdio.c **** 
 512:bsp/libraries/drivers/src/at32f435_437_sdio.c **** /**
 513:bsp/libraries/drivers/src/at32f435_437_sdio.c ****   * @brief  get the number of words left to be written to or read from fifo..
 514:bsp/libraries/drivers/src/at32f435_437_sdio.c ****   * @param  sdio_x: to select the sdio peripheral.
 515:bsp/libraries/drivers/src/at32f435_437_sdio.c ****   *         this parameter can be one of the following values:
 516:bsp/libraries/drivers/src/at32f435_437_sdio.c ****   *         SDIO1, SDIO2.
 517:bsp/libraries/drivers/src/at32f435_437_sdio.c ****   * @retval uint32_t: number of words
 518:bsp/libraries/drivers/src/at32f435_437_sdio.c ****   */
 519:bsp/libraries/drivers/src/at32f435_437_sdio.c **** uint32_t sdio_buffer_counter_get(sdio_type *sdio_x)
 520:bsp/libraries/drivers/src/at32f435_437_sdio.c **** {
 783              		.loc 1 520 1 is_stmt 1 view -0
 784              		.cfi_startproc
 785              		@ args = 0, pretend = 0, frame = 0
 786              		@ frame_needed = 0, uses_anonymous_args = 0
 787              		@ link register save eliminated.
 521:bsp/libraries/drivers/src/at32f435_437_sdio.c ****   return sdio_x->bufcnt;
 788              		.loc 1 521 3 view .LVU178
 789              		.loc 1 521 16 is_stmt 0 view .LVU179
 790 0000 806C     		ldr	r0, [r0, #72]
 791              	.LVL49:
 522:bsp/libraries/drivers/src/at32f435_437_sdio.c **** }
 792              		.loc 1 522 1 view .LVU180
 793 0002 7047     		bx	lr
 794              		.cfi_endproc
 795              	.LFE155:
 797              		.section	.text.sdio_data_write,"ax",%progbits
 798              		.align	1
 799              		.global	sdio_data_write
 800              		.syntax unified
 801              		.thumb
 802              		.thumb_func
 804              	sdio_data_write:
 805              	.LVL50:
 806              	.LFB156:
 523:bsp/libraries/drivers/src/at32f435_437_sdio.c **** 
 524:bsp/libraries/drivers/src/at32f435_437_sdio.c **** /**
 525:bsp/libraries/drivers/src/at32f435_437_sdio.c ****   * @brief  write one word data to fifo.
 526:bsp/libraries/drivers/src/at32f435_437_sdio.c ****   * @param  sdio_x: to select the sdio peripheral.
 527:bsp/libraries/drivers/src/at32f435_437_sdio.c ****   *         this parameter can be one of the following values:
 528:bsp/libraries/drivers/src/at32f435_437_sdio.c ****   *         SDIO1, SDIO2.
 529:bsp/libraries/drivers/src/at32f435_437_sdio.c ****   * @param  data: data to be transferred.
 530:bsp/libraries/drivers/src/at32f435_437_sdio.c ****   * @retval none
 531:bsp/libraries/drivers/src/at32f435_437_sdio.c ****   */
 532:bsp/libraries/drivers/src/at32f435_437_sdio.c **** void sdio_data_write(sdio_type *sdio_x, uint32_t data)
 533:bsp/libraries/drivers/src/at32f435_437_sdio.c **** {
 807              		.loc 1 533 1 is_stmt 1 view -0
 808              		.cfi_startproc
 809              		@ args = 0, pretend = 0, frame = 0
 810              		@ frame_needed = 0, uses_anonymous_args = 0
 811              		@ link register save eliminated.
 534:bsp/libraries/drivers/src/at32f435_437_sdio.c ****   sdio_x->buf = data;
 812              		.loc 1 534 3 view .LVU182
 813              		.loc 1 534 15 is_stmt 0 view .LVU183
 814 0000 C0F88010 		str	r1, [r0, #128]
ARM GAS  C:\Users\user\AppData\Local\Temp\ccxzUoTd.s 			page 24


 535:bsp/libraries/drivers/src/at32f435_437_sdio.c **** }
 815              		.loc 1 535 1 view .LVU184
 816 0004 7047     		bx	lr
 817              		.cfi_endproc
 818              	.LFE156:
 820              		.section	.text.sdio_read_wait_mode_set,"ax",%progbits
 821              		.align	1
 822              		.global	sdio_read_wait_mode_set
 823              		.syntax unified
 824              		.thumb
 825              		.thumb_func
 827              	sdio_read_wait_mode_set:
 828              	.LVL51:
 829              	.LFB157:
 536:bsp/libraries/drivers/src/at32f435_437_sdio.c **** 
 537:bsp/libraries/drivers/src/at32f435_437_sdio.c **** /**
 538:bsp/libraries/drivers/src/at32f435_437_sdio.c ****   * @brief  set the read wait mode.
 539:bsp/libraries/drivers/src/at32f435_437_sdio.c ****   * @param  sdio_x: to select the sdio peripheral.
 540:bsp/libraries/drivers/src/at32f435_437_sdio.c ****   *         this parameter can be one of the following values:
 541:bsp/libraries/drivers/src/at32f435_437_sdio.c ****   *         SDIO1, SDIO2.
 542:bsp/libraries/drivers/src/at32f435_437_sdio.c ****   * @param  mode
 543:bsp/libraries/drivers/src/at32f435_437_sdio.c ****   *         this parameter can be one of the following values:
 544:bsp/libraries/drivers/src/at32f435_437_sdio.c ****   *         - SDIO_READ_WAIT_CONTROLLED_BY_D2
 545:bsp/libraries/drivers/src/at32f435_437_sdio.c ****   *         - SDIO_READ_WAIT_CONTROLLED_BY_CK
 546:bsp/libraries/drivers/src/at32f435_437_sdio.c ****   * @retval none
 547:bsp/libraries/drivers/src/at32f435_437_sdio.c ****   */
 548:bsp/libraries/drivers/src/at32f435_437_sdio.c **** void sdio_read_wait_mode_set(sdio_type *sdio_x, sdio_read_wait_mode_type mode)
 549:bsp/libraries/drivers/src/at32f435_437_sdio.c **** {
 830              		.loc 1 549 1 is_stmt 1 view -0
 831              		.cfi_startproc
 832              		@ args = 0, pretend = 0, frame = 0
 833              		@ frame_needed = 0, uses_anonymous_args = 0
 834              		@ link register save eliminated.
 550:bsp/libraries/drivers/src/at32f435_437_sdio.c ****   sdio_x->dtctrl_bit.rdwtmode = mode;
 835              		.loc 1 550 3 view .LVU186
 836              		.loc 1 550 31 is_stmt 0 view .LVU187
 837 0000 C36A     		ldr	r3, [r0, #44]
 838 0002 61F38A23 		bfi	r3, r1, #10, #1
 839 0006 C362     		str	r3, [r0, #44]
 551:bsp/libraries/drivers/src/at32f435_437_sdio.c **** }
 840              		.loc 1 551 1 view .LVU188
 841 0008 7047     		bx	lr
 842              		.cfi_endproc
 843              	.LFE157:
 845              		.section	.text.sdio_read_wait_start,"ax",%progbits
 846              		.align	1
 847              		.global	sdio_read_wait_start
 848              		.syntax unified
 849              		.thumb
 850              		.thumb_func
 852              	sdio_read_wait_start:
 853              	.LVL52:
 854              	.LFB158:
 552:bsp/libraries/drivers/src/at32f435_437_sdio.c **** 
 553:bsp/libraries/drivers/src/at32f435_437_sdio.c **** /**
 554:bsp/libraries/drivers/src/at32f435_437_sdio.c ****   * @brief  enable or disable to start sd i/o read wait operation.
 555:bsp/libraries/drivers/src/at32f435_437_sdio.c ****   * @param  sdio_x: to select the sdio peripheral.
ARM GAS  C:\Users\user\AppData\Local\Temp\ccxzUoTd.s 			page 25


 556:bsp/libraries/drivers/src/at32f435_437_sdio.c ****   *         this parameter can be one of the following values:
 557:bsp/libraries/drivers/src/at32f435_437_sdio.c ****   *         SDIO1, SDIO2.
 558:bsp/libraries/drivers/src/at32f435_437_sdio.c ****   * @param  new_state (TRUE or FALSE)
 559:bsp/libraries/drivers/src/at32f435_437_sdio.c ****   * @retval none
 560:bsp/libraries/drivers/src/at32f435_437_sdio.c ****   */
 561:bsp/libraries/drivers/src/at32f435_437_sdio.c **** void sdio_read_wait_start(sdio_type *sdio_x, confirm_state new_state)
 562:bsp/libraries/drivers/src/at32f435_437_sdio.c **** {
 855              		.loc 1 562 1 is_stmt 1 view -0
 856              		.cfi_startproc
 857              		@ args = 0, pretend = 0, frame = 0
 858              		@ frame_needed = 0, uses_anonymous_args = 0
 859              		@ link register save eliminated.
 563:bsp/libraries/drivers/src/at32f435_437_sdio.c ****   sdio_x->dtctrl_bit.rdwtstart = new_state;
 860              		.loc 1 563 3 view .LVU190
 861              		.loc 1 563 32 is_stmt 0 view .LVU191
 862 0000 C36A     		ldr	r3, [r0, #44]
 863 0002 61F30823 		bfi	r3, r1, #8, #1
 864 0006 C362     		str	r3, [r0, #44]
 564:bsp/libraries/drivers/src/at32f435_437_sdio.c **** }
 865              		.loc 1 564 1 view .LVU192
 866 0008 7047     		bx	lr
 867              		.cfi_endproc
 868              	.LFE158:
 870              		.section	.text.sdio_read_wait_stop,"ax",%progbits
 871              		.align	1
 872              		.global	sdio_read_wait_stop
 873              		.syntax unified
 874              		.thumb
 875              		.thumb_func
 877              	sdio_read_wait_stop:
 878              	.LVL53:
 879              	.LFB159:
 565:bsp/libraries/drivers/src/at32f435_437_sdio.c **** 
 566:bsp/libraries/drivers/src/at32f435_437_sdio.c **** /**
 567:bsp/libraries/drivers/src/at32f435_437_sdio.c ****   * @brief  enable or disable to stop sd i/o read wait operation.
 568:bsp/libraries/drivers/src/at32f435_437_sdio.c ****   * @param  sdio_x: to select the sdio peripheral.
 569:bsp/libraries/drivers/src/at32f435_437_sdio.c ****   *         this parameter can be one of the following values:
 570:bsp/libraries/drivers/src/at32f435_437_sdio.c ****   *         SDIO1, SDIO2.
 571:bsp/libraries/drivers/src/at32f435_437_sdio.c ****   * @param  new_state (TRUE or FALSE)
 572:bsp/libraries/drivers/src/at32f435_437_sdio.c ****   * @retval none
 573:bsp/libraries/drivers/src/at32f435_437_sdio.c ****   */
 574:bsp/libraries/drivers/src/at32f435_437_sdio.c **** void sdio_read_wait_stop(sdio_type *sdio_x, confirm_state new_state)
 575:bsp/libraries/drivers/src/at32f435_437_sdio.c **** {
 880              		.loc 1 575 1 is_stmt 1 view -0
 881              		.cfi_startproc
 882              		@ args = 0, pretend = 0, frame = 0
 883              		@ frame_needed = 0, uses_anonymous_args = 0
 884              		@ link register save eliminated.
 576:bsp/libraries/drivers/src/at32f435_437_sdio.c ****   sdio_x->dtctrl_bit.rdwtstop = new_state;
 885              		.loc 1 576 3 view .LVU194
 886              		.loc 1 576 31 is_stmt 0 view .LVU195
 887 0000 C36A     		ldr	r3, [r0, #44]
 888 0002 61F34923 		bfi	r3, r1, #9, #1
 889 0006 C362     		str	r3, [r0, #44]
 577:bsp/libraries/drivers/src/at32f435_437_sdio.c **** }
 890              		.loc 1 577 1 view .LVU196
 891 0008 7047     		bx	lr
ARM GAS  C:\Users\user\AppData\Local\Temp\ccxzUoTd.s 			page 26


 892              		.cfi_endproc
 893              	.LFE159:
 895              		.section	.text.sdio_io_function_enable,"ax",%progbits
 896              		.align	1
 897              		.global	sdio_io_function_enable
 898              		.syntax unified
 899              		.thumb
 900              		.thumb_func
 902              	sdio_io_function_enable:
 903              	.LVL54:
 904              	.LFB160:
 578:bsp/libraries/drivers/src/at32f435_437_sdio.c **** 
 579:bsp/libraries/drivers/src/at32f435_437_sdio.c **** /**
 580:bsp/libraries/drivers/src/at32f435_437_sdio.c ****   * @brief  enable or disable the sd i/o function.
 581:bsp/libraries/drivers/src/at32f435_437_sdio.c ****   * @param  sdio_x: to select the sdio peripheral.
 582:bsp/libraries/drivers/src/at32f435_437_sdio.c ****   *         this parameter can be one of the following values:
 583:bsp/libraries/drivers/src/at32f435_437_sdio.c ****   *         SDIO1, SDIO2.
 584:bsp/libraries/drivers/src/at32f435_437_sdio.c ****   * @param  new_state (TRUE or FALSE)
 585:bsp/libraries/drivers/src/at32f435_437_sdio.c ****   * @retval none
 586:bsp/libraries/drivers/src/at32f435_437_sdio.c ****   */
 587:bsp/libraries/drivers/src/at32f435_437_sdio.c **** void sdio_io_function_enable(sdio_type *sdio_x, confirm_state new_state)
 588:bsp/libraries/drivers/src/at32f435_437_sdio.c **** {
 905              		.loc 1 588 1 is_stmt 1 view -0
 906              		.cfi_startproc
 907              		@ args = 0, pretend = 0, frame = 0
 908              		@ frame_needed = 0, uses_anonymous_args = 0
 909              		@ link register save eliminated.
 589:bsp/libraries/drivers/src/at32f435_437_sdio.c ****   sdio_x->dtctrl_bit.ioen = new_state;
 910              		.loc 1 589 3 view .LVU198
 911              		.loc 1 589 27 is_stmt 0 view .LVU199
 912 0000 C36A     		ldr	r3, [r0, #44]
 913 0002 61F3CB23 		bfi	r3, r1, #11, #1
 914 0006 C362     		str	r3, [r0, #44]
 590:bsp/libraries/drivers/src/at32f435_437_sdio.c **** }
 915              		.loc 1 590 1 view .LVU200
 916 0008 7047     		bx	lr
 917              		.cfi_endproc
 918              	.LFE160:
 920              		.section	.text.sdio_io_suspend_command_set,"ax",%progbits
 921              		.align	1
 922              		.global	sdio_io_suspend_command_set
 923              		.syntax unified
 924              		.thumb
 925              		.thumb_func
 927              	sdio_io_suspend_command_set:
 928              	.LVL55:
 929              	.LFB161:
 591:bsp/libraries/drivers/src/at32f435_437_sdio.c **** 
 592:bsp/libraries/drivers/src/at32f435_437_sdio.c **** /**
 593:bsp/libraries/drivers/src/at32f435_437_sdio.c ****   * @brief  enable or disable sd i/o suspend command sending.
 594:bsp/libraries/drivers/src/at32f435_437_sdio.c ****   * @param  sdio_x: to select the sdio peripheral.
 595:bsp/libraries/drivers/src/at32f435_437_sdio.c ****   *         this parameter can be one of the following values:
 596:bsp/libraries/drivers/src/at32f435_437_sdio.c ****   *         SDIO1, SDIO2.
 597:bsp/libraries/drivers/src/at32f435_437_sdio.c ****   * @param  new_state (TRUE or FALSE)
 598:bsp/libraries/drivers/src/at32f435_437_sdio.c ****   * @retval none
 599:bsp/libraries/drivers/src/at32f435_437_sdio.c ****   */
 600:bsp/libraries/drivers/src/at32f435_437_sdio.c **** void sdio_io_suspend_command_set(sdio_type *sdio_x, confirm_state new_state)
ARM GAS  C:\Users\user\AppData\Local\Temp\ccxzUoTd.s 			page 27


 601:bsp/libraries/drivers/src/at32f435_437_sdio.c **** {
 930              		.loc 1 601 1 is_stmt 1 view -0
 931              		.cfi_startproc
 932              		@ args = 0, pretend = 0, frame = 0
 933              		@ frame_needed = 0, uses_anonymous_args = 0
 934              		@ link register save eliminated.
 602:bsp/libraries/drivers/src/at32f435_437_sdio.c ****   sdio_x->cmdctrl_bit.iosusp = new_state;
 935              		.loc 1 602 3 view .LVU202
 936              		.loc 1 602 30 is_stmt 0 view .LVU203
 937 0000 C368     		ldr	r3, [r0, #12]
 938 0002 61F3CB23 		bfi	r3, r1, #11, #1
 939 0006 C360     		str	r3, [r0, #12]
 603:bsp/libraries/drivers/src/at32f435_437_sdio.c **** }
 940              		.loc 1 603 1 view .LVU204
 941 0008 7047     		bx	lr
 942              		.cfi_endproc
 943              	.LFE161:
 945              		.text
 946              	.Letext0:
 947              		.file 2 "c:\\at32ide\\platform\\tools\\gcc-arm-none-eabi-10.3-2021.10\\arm-none-eabi\\include\\mac
 948              		.file 3 "c:\\at32ide\\platform\\tools\\gcc-arm-none-eabi-10.3-2021.10\\arm-none-eabi\\include\\sys
 949              		.file 4 "bsp/libraries/cmsis/cm4/device_support/at32f435_437.h"
 950              		.file 5 "bsp/libraries/drivers/inc/at32f435_437_sdio.h"
ARM GAS  C:\Users\user\AppData\Local\Temp\ccxzUoTd.s 			page 28


DEFINED SYMBOLS
                            *ABS*:00000000 at32f435_437_sdio.c
C:\Users\user\AppData\Local\Temp\ccxzUoTd.s:18     .text.sdio_reset:00000000 $t
C:\Users\user\AppData\Local\Temp\ccxzUoTd.s:24     .text.sdio_reset:00000000 sdio_reset
C:\Users\user\AppData\Local\Temp\ccxzUoTd.s:67     .text.sdio_reset:00000018 $d
C:\Users\user\AppData\Local\Temp\ccxzUoTd.s:72     .text.sdio_power_set:00000000 $t
C:\Users\user\AppData\Local\Temp\ccxzUoTd.s:78     .text.sdio_power_set:00000000 sdio_power_set
C:\Users\user\AppData\Local\Temp\ccxzUoTd.s:97     .text.sdio_power_status_get:00000000 $t
C:\Users\user\AppData\Local\Temp\ccxzUoTd.s:103    .text.sdio_power_status_get:00000000 sdio_power_status_get
C:\Users\user\AppData\Local\Temp\ccxzUoTd.s:122    .text.sdio_clock_config:00000000 $t
C:\Users\user\AppData\Local\Temp\ccxzUoTd.s:128    .text.sdio_clock_config:00000000 sdio_clock_config
C:\Users\user\AppData\Local\Temp\ccxzUoTd.s:163    .text.sdio_bus_width_config:00000000 $t
C:\Users\user\AppData\Local\Temp\ccxzUoTd.s:169    .text.sdio_bus_width_config:00000000 sdio_bus_width_config
C:\Users\user\AppData\Local\Temp\ccxzUoTd.s:188    .text.sdio_clock_bypass:00000000 $t
C:\Users\user\AppData\Local\Temp\ccxzUoTd.s:194    .text.sdio_clock_bypass:00000000 sdio_clock_bypass
C:\Users\user\AppData\Local\Temp\ccxzUoTd.s:213    .text.sdio_power_saving_mode_enable:00000000 $t
C:\Users\user\AppData\Local\Temp\ccxzUoTd.s:219    .text.sdio_power_saving_mode_enable:00000000 sdio_power_saving_mode_enable
C:\Users\user\AppData\Local\Temp\ccxzUoTd.s:238    .text.sdio_flow_control_enable:00000000 $t
C:\Users\user\AppData\Local\Temp\ccxzUoTd.s:244    .text.sdio_flow_control_enable:00000000 sdio_flow_control_enable
C:\Users\user\AppData\Local\Temp\ccxzUoTd.s:263    .text.sdio_clock_enable:00000000 $t
C:\Users\user\AppData\Local\Temp\ccxzUoTd.s:269    .text.sdio_clock_enable:00000000 sdio_clock_enable
C:\Users\user\AppData\Local\Temp\ccxzUoTd.s:288    .text.sdio_dma_enable:00000000 $t
C:\Users\user\AppData\Local\Temp\ccxzUoTd.s:294    .text.sdio_dma_enable:00000000 sdio_dma_enable
C:\Users\user\AppData\Local\Temp\ccxzUoTd.s:313    .text.sdio_interrupt_enable:00000000 $t
C:\Users\user\AppData\Local\Temp\ccxzUoTd.s:319    .text.sdio_interrupt_enable:00000000 sdio_interrupt_enable
C:\Users\user\AppData\Local\Temp\ccxzUoTd.s:354    .text.sdio_interrupt_flag_get:00000000 $t
C:\Users\user\AppData\Local\Temp\ccxzUoTd.s:360    .text.sdio_interrupt_flag_get:00000000 sdio_interrupt_flag_get
C:\Users\user\AppData\Local\Temp\ccxzUoTd.s:404    .text.sdio_flag_get:00000000 $t
C:\Users\user\AppData\Local\Temp\ccxzUoTd.s:410    .text.sdio_flag_get:00000000 sdio_flag_get
C:\Users\user\AppData\Local\Temp\ccxzUoTd.s:442    .text.sdio_flag_clear:00000000 $t
C:\Users\user\AppData\Local\Temp\ccxzUoTd.s:448    .text.sdio_flag_clear:00000000 sdio_flag_clear
C:\Users\user\AppData\Local\Temp\ccxzUoTd.s:465    .text.sdio_command_config:00000000 $t
C:\Users\user\AppData\Local\Temp\ccxzUoTd.s:471    .text.sdio_command_config:00000000 sdio_command_config
C:\Users\user\AppData\Local\Temp\ccxzUoTd.s:525    .text.sdio_command_state_machine_enable:00000000 $t
C:\Users\user\AppData\Local\Temp\ccxzUoTd.s:531    .text.sdio_command_state_machine_enable:00000000 sdio_command_state_machine_enable
C:\Users\user\AppData\Local\Temp\ccxzUoTd.s:550    .text.sdio_command_response_get:00000000 $t
C:\Users\user\AppData\Local\Temp\ccxzUoTd.s:556    .text.sdio_command_response_get:00000000 sdio_command_response_get
C:\Users\user\AppData\Local\Temp\ccxzUoTd.s:575    .text.sdio_response_get:00000000 $t
C:\Users\user\AppData\Local\Temp\ccxzUoTd.s:581    .text.sdio_response_get:00000000 sdio_response_get
C:\Users\user\AppData\Local\Temp\ccxzUoTd.s:595    .text.sdio_response_get:00000008 $d
C:\Users\user\AppData\Local\Temp\ccxzUoTd.s:599    .text.sdio_response_get:0000000c $t
C:\Users\user\AppData\Local\Temp\ccxzUoTd.s:643    .text.sdio_data_config:00000000 $t
C:\Users\user\AppData\Local\Temp\ccxzUoTd.s:649    .text.sdio_data_config:00000000 sdio_data_config
C:\Users\user\AppData\Local\Temp\ccxzUoTd.s:701    .text.sdio_data_state_machine_enable:00000000 $t
C:\Users\user\AppData\Local\Temp\ccxzUoTd.s:707    .text.sdio_data_state_machine_enable:00000000 sdio_data_state_machine_enable
C:\Users\user\AppData\Local\Temp\ccxzUoTd.s:726    .text.sdio_data_counter_get:00000000 $t
C:\Users\user\AppData\Local\Temp\ccxzUoTd.s:732    .text.sdio_data_counter_get:00000000 sdio_data_counter_get
C:\Users\user\AppData\Local\Temp\ccxzUoTd.s:750    .text.sdio_data_read:00000000 $t
C:\Users\user\AppData\Local\Temp\ccxzUoTd.s:756    .text.sdio_data_read:00000000 sdio_data_read
C:\Users\user\AppData\Local\Temp\ccxzUoTd.s:774    .text.sdio_buffer_counter_get:00000000 $t
C:\Users\user\AppData\Local\Temp\ccxzUoTd.s:780    .text.sdio_buffer_counter_get:00000000 sdio_buffer_counter_get
C:\Users\user\AppData\Local\Temp\ccxzUoTd.s:798    .text.sdio_data_write:00000000 $t
C:\Users\user\AppData\Local\Temp\ccxzUoTd.s:804    .text.sdio_data_write:00000000 sdio_data_write
C:\Users\user\AppData\Local\Temp\ccxzUoTd.s:821    .text.sdio_read_wait_mode_set:00000000 $t
C:\Users\user\AppData\Local\Temp\ccxzUoTd.s:827    .text.sdio_read_wait_mode_set:00000000 sdio_read_wait_mode_set
C:\Users\user\AppData\Local\Temp\ccxzUoTd.s:846    .text.sdio_read_wait_start:00000000 $t
C:\Users\user\AppData\Local\Temp\ccxzUoTd.s:852    .text.sdio_read_wait_start:00000000 sdio_read_wait_start
ARM GAS  C:\Users\user\AppData\Local\Temp\ccxzUoTd.s 			page 29


C:\Users\user\AppData\Local\Temp\ccxzUoTd.s:871    .text.sdio_read_wait_stop:00000000 $t
C:\Users\user\AppData\Local\Temp\ccxzUoTd.s:877    .text.sdio_read_wait_stop:00000000 sdio_read_wait_stop
C:\Users\user\AppData\Local\Temp\ccxzUoTd.s:896    .text.sdio_io_function_enable:00000000 $t
C:\Users\user\AppData\Local\Temp\ccxzUoTd.s:902    .text.sdio_io_function_enable:00000000 sdio_io_function_enable
C:\Users\user\AppData\Local\Temp\ccxzUoTd.s:921    .text.sdio_io_suspend_command_set:00000000 $t
C:\Users\user\AppData\Local\Temp\ccxzUoTd.s:927    .text.sdio_io_suspend_command_set:00000000 sdio_io_suspend_command_set

NO UNDEFINED SYMBOLS
