ARM GAS  C:\Users\user\AppData\Local\Temp\ccLyGlY3.s 			page 1


   1              		.cpu cortex-m4
   2              		.arch armv7e-m
   3              		.fpu softvfp
   4              		.eabi_attribute 20, 1
   5              		.eabi_attribute 21, 1
   6              		.eabi_attribute 23, 3
   7              		.eabi_attribute 24, 1
   8              		.eabi_attribute 25, 1
   9              		.eabi_attribute 26, 1
  10              		.eabi_attribute 30, 1
  11              		.eabi_attribute 34, 1
  12              		.eabi_attribute 18, 4
  13              		.file	"at32f435_437_scfg.c"
  14              		.text
  15              	.Ltext0:
  16              		.cfi_sections	.debug_frame
  17              		.section	.text.scfg_reset,"ax",%progbits
  18              		.align	1
  19              		.global	scfg_reset
  20              		.syntax unified
  21              		.thumb
  22              		.thumb_func
  24              	scfg_reset:
  25              	.LFB133:
  26              		.file 1 "bsp/libraries/drivers/src/at32f435_437_scfg.c"
   1:bsp/libraries/drivers/src/at32f435_437_scfg.c **** /**
   2:bsp/libraries/drivers/src/at32f435_437_scfg.c ****   **************************************************************************
   3:bsp/libraries/drivers/src/at32f435_437_scfg.c ****   * @file     at32f435_437_scfg.c
   4:bsp/libraries/drivers/src/at32f435_437_scfg.c ****   * @brief    contains all the functions for the system config firmware library
   5:bsp/libraries/drivers/src/at32f435_437_scfg.c ****   **************************************************************************
   6:bsp/libraries/drivers/src/at32f435_437_scfg.c ****   *                       Copyright notice & Disclaimer
   7:bsp/libraries/drivers/src/at32f435_437_scfg.c ****   *
   8:bsp/libraries/drivers/src/at32f435_437_scfg.c ****   * The software Board Support Package (BSP) that is made available to
   9:bsp/libraries/drivers/src/at32f435_437_scfg.c ****   * download from Artery official website is the copyrighted work of Artery.
  10:bsp/libraries/drivers/src/at32f435_437_scfg.c ****   * Artery authorizes customers to use, copy, and distribute the BSP
  11:bsp/libraries/drivers/src/at32f435_437_scfg.c ****   * software and its related documentation for the purpose of design and
  12:bsp/libraries/drivers/src/at32f435_437_scfg.c ****   * development in conjunction with Artery microcontrollers. Use of the
  13:bsp/libraries/drivers/src/at32f435_437_scfg.c ****   * software is governed by this copyright notice and the following disclaimer.
  14:bsp/libraries/drivers/src/at32f435_437_scfg.c ****   *
  15:bsp/libraries/drivers/src/at32f435_437_scfg.c ****   * THIS SOFTWARE IS PROVIDED ON "AS IS" BASIS WITHOUT WARRANTIES,
  16:bsp/libraries/drivers/src/at32f435_437_scfg.c ****   * GUARANTEES OR REPRESENTATIONS OF ANY KIND. ARTERY EXPRESSLY DISCLAIMS,
  17:bsp/libraries/drivers/src/at32f435_437_scfg.c ****   * TO THE FULLEST EXTENT PERMITTED BY LAW, ALL EXPRESS, IMPLIED OR
  18:bsp/libraries/drivers/src/at32f435_437_scfg.c ****   * STATUTORY OR OTHER WARRANTIES, GUARANTEES OR REPRESENTATIONS,
  19:bsp/libraries/drivers/src/at32f435_437_scfg.c ****   * INCLUDING BUT NOT LIMITED TO, THE IMPLIED WARRANTIES OF MERCHANTABILITY,
  20:bsp/libraries/drivers/src/at32f435_437_scfg.c ****   * FITNESS FOR A PARTICULAR PURPOSE, OR NON-INFRINGEMENT.
  21:bsp/libraries/drivers/src/at32f435_437_scfg.c ****   *
  22:bsp/libraries/drivers/src/at32f435_437_scfg.c ****   **************************************************************************
  23:bsp/libraries/drivers/src/at32f435_437_scfg.c ****   */
  24:bsp/libraries/drivers/src/at32f435_437_scfg.c **** 
  25:bsp/libraries/drivers/src/at32f435_437_scfg.c **** #include "at32f435_437_conf.h"
  26:bsp/libraries/drivers/src/at32f435_437_scfg.c **** 
  27:bsp/libraries/drivers/src/at32f435_437_scfg.c **** /** @addtogroup AT32F435_437_periph_driver
  28:bsp/libraries/drivers/src/at32f435_437_scfg.c ****   * @{
  29:bsp/libraries/drivers/src/at32f435_437_scfg.c ****   */
  30:bsp/libraries/drivers/src/at32f435_437_scfg.c **** 
  31:bsp/libraries/drivers/src/at32f435_437_scfg.c **** /** @defgroup SCFG
  32:bsp/libraries/drivers/src/at32f435_437_scfg.c ****   * @brief SCFG driver modules
ARM GAS  C:\Users\user\AppData\Local\Temp\ccLyGlY3.s 			page 2


  33:bsp/libraries/drivers/src/at32f435_437_scfg.c ****   * @{
  34:bsp/libraries/drivers/src/at32f435_437_scfg.c ****   */
  35:bsp/libraries/drivers/src/at32f435_437_scfg.c **** 
  36:bsp/libraries/drivers/src/at32f435_437_scfg.c **** #ifdef SCFG_MODULE_ENABLED
  37:bsp/libraries/drivers/src/at32f435_437_scfg.c **** 
  38:bsp/libraries/drivers/src/at32f435_437_scfg.c **** /** @defgroup SCFG_private_functions
  39:bsp/libraries/drivers/src/at32f435_437_scfg.c ****   * @{
  40:bsp/libraries/drivers/src/at32f435_437_scfg.c ****   */
  41:bsp/libraries/drivers/src/at32f435_437_scfg.c **** 
  42:bsp/libraries/drivers/src/at32f435_437_scfg.c **** /**
  43:bsp/libraries/drivers/src/at32f435_437_scfg.c ****   * @brief  scfg reset
  44:bsp/libraries/drivers/src/at32f435_437_scfg.c ****   * @param  none
  45:bsp/libraries/drivers/src/at32f435_437_scfg.c ****   * @retval none
  46:bsp/libraries/drivers/src/at32f435_437_scfg.c ****   */
  47:bsp/libraries/drivers/src/at32f435_437_scfg.c **** void scfg_reset(void)
  48:bsp/libraries/drivers/src/at32f435_437_scfg.c **** {
  27              		.loc 1 48 1 view -0
  28              		.cfi_startproc
  29              		@ args = 0, pretend = 0, frame = 0
  30              		@ frame_needed = 0, uses_anonymous_args = 0
  31 0000 10B5     		push	{r4, lr}
  32              	.LCFI0:
  33              		.cfi_def_cfa_offset 8
  34              		.cfi_offset 4, -8
  35              		.cfi_offset 14, -4
  49:bsp/libraries/drivers/src/at32f435_437_scfg.c ****   crm_periph_reset(CRM_SCFG_PERIPH_RESET, TRUE);
  36              		.loc 1 49 3 view .LVU1
  37 0002 054C     		ldr	r4, .L3
  38 0004 0121     		movs	r1, #1
  39 0006 2046     		mov	r0, r4
  40 0008 FFF7FEFF 		bl	crm_periph_reset
  41              	.LVL0:
  50:bsp/libraries/drivers/src/at32f435_437_scfg.c ****   crm_periph_reset(CRM_SCFG_PERIPH_RESET, FALSE);
  42              		.loc 1 50 3 view .LVU2
  43 000c 0021     		movs	r1, #0
  44 000e 2046     		mov	r0, r4
  45 0010 FFF7FEFF 		bl	crm_periph_reset
  46              	.LVL1:
  51:bsp/libraries/drivers/src/at32f435_437_scfg.c **** }
  47              		.loc 1 51 1 is_stmt 0 view .LVU3
  48 0014 10BD     		pop	{r4, pc}
  49              	.L4:
  50 0016 00BF     		.align	2
  51              	.L3:
  52 0018 0E002400 		.word	2359310
  53              		.cfi_endproc
  54              	.LFE133:
  56              		.section	.text.scfg_xmc_mapping_swap_set,"ax",%progbits
  57              		.align	1
  58              		.global	scfg_xmc_mapping_swap_set
  59              		.syntax unified
  60              		.thumb
  61              		.thumb_func
  63              	scfg_xmc_mapping_swap_set:
  64              	.LVL2:
  65              	.LFB134:
  52:bsp/libraries/drivers/src/at32f435_437_scfg.c **** 
ARM GAS  C:\Users\user\AppData\Local\Temp\ccLyGlY3.s 			page 3


  53:bsp/libraries/drivers/src/at32f435_437_scfg.c **** /**
  54:bsp/libraries/drivers/src/at32f435_437_scfg.c ****   * @brief  scfg xmc address mapping swap set
  55:bsp/libraries/drivers/src/at32f435_437_scfg.c ****   * @param  xmc_swap
  56:bsp/libraries/drivers/src/at32f435_437_scfg.c ****   *         this parameter can be one of the following values:
  57:bsp/libraries/drivers/src/at32f435_437_scfg.c ****   *         - SCFG_XMC_SWAP_NONE
  58:bsp/libraries/drivers/src/at32f435_437_scfg.c ****   *         - SCFG_XMC_SWAP_MODE1
  59:bsp/libraries/drivers/src/at32f435_437_scfg.c ****   *         - SCFG_XMC_SWAP_MODE2
  60:bsp/libraries/drivers/src/at32f435_437_scfg.c ****   *         - SCFG_XMC_SWAP_MODE3
  61:bsp/libraries/drivers/src/at32f435_437_scfg.c ****   * @retval none
  62:bsp/libraries/drivers/src/at32f435_437_scfg.c ****   */
  63:bsp/libraries/drivers/src/at32f435_437_scfg.c **** void scfg_xmc_mapping_swap_set(scfg_xmc_swap_type xmc_swap)
  64:bsp/libraries/drivers/src/at32f435_437_scfg.c **** {
  66              		.loc 1 64 1 is_stmt 1 view -0
  67              		.cfi_startproc
  68              		@ args = 0, pretend = 0, frame = 0
  69              		@ frame_needed = 0, uses_anonymous_args = 0
  70              		@ link register save eliminated.
  65:bsp/libraries/drivers/src/at32f435_437_scfg.c ****   SCFG->cfg1_bit.swap_xmc = xmc_swap;
  71              		.loc 1 65 3 view .LVU5
  72              		.loc 1 65 27 is_stmt 0 view .LVU6
  73 0000 024B     		ldr	r3, .L6
  74 0002 1A68     		ldr	r2, [r3]
  75 0004 60F38B22 		bfi	r2, r0, #10, #2
  76 0008 1A60     		str	r2, [r3]
  66:bsp/libraries/drivers/src/at32f435_437_scfg.c **** }
  77              		.loc 1 66 1 view .LVU7
  78 000a 7047     		bx	lr
  79              	.L7:
  80              		.align	2
  81              	.L6:
  82 000c 00380140 		.word	1073821696
  83              		.cfi_endproc
  84              	.LFE134:
  86              		.section	.text.scfg_infrared_config,"ax",%progbits
  87              		.align	1
  88              		.global	scfg_infrared_config
  89              		.syntax unified
  90              		.thumb
  91              		.thumb_func
  93              	scfg_infrared_config:
  94              	.LVL3:
  95              	.LFB135:
  67:bsp/libraries/drivers/src/at32f435_437_scfg.c **** 
  68:bsp/libraries/drivers/src/at32f435_437_scfg.c **** /**
  69:bsp/libraries/drivers/src/at32f435_437_scfg.c ****   * @brief  scfg infrared config
  70:bsp/libraries/drivers/src/at32f435_437_scfg.c ****   * @param  source
  71:bsp/libraries/drivers/src/at32f435_437_scfg.c ****   *         this parameter can be one of the following values:
  72:bsp/libraries/drivers/src/at32f435_437_scfg.c ****   *         - SCFG_IR_SOURCE_TMR10
  73:bsp/libraries/drivers/src/at32f435_437_scfg.c ****   * @param  polarity
  74:bsp/libraries/drivers/src/at32f435_437_scfg.c ****   *         this parameter can be one of the following values:
  75:bsp/libraries/drivers/src/at32f435_437_scfg.c ****   *         - SCFG_IR_POLARITY_NO_AFFECTE
  76:bsp/libraries/drivers/src/at32f435_437_scfg.c ****   *         - SCFG_IR_POLARITY_REVERSE
  77:bsp/libraries/drivers/src/at32f435_437_scfg.c ****   * @retval none
  78:bsp/libraries/drivers/src/at32f435_437_scfg.c ****   */
  79:bsp/libraries/drivers/src/at32f435_437_scfg.c **** void scfg_infrared_config(scfg_ir_source_type source, scfg_ir_polarity_type polarity)
  80:bsp/libraries/drivers/src/at32f435_437_scfg.c **** {
  96              		.loc 1 80 1 is_stmt 1 view -0
ARM GAS  C:\Users\user\AppData\Local\Temp\ccLyGlY3.s 			page 4


  97              		.cfi_startproc
  98              		@ args = 0, pretend = 0, frame = 0
  99              		@ frame_needed = 0, uses_anonymous_args = 0
 100              		@ link register save eliminated.
  81:bsp/libraries/drivers/src/at32f435_437_scfg.c ****   SCFG->cfg1_bit.ir_src_sel = source;
 101              		.loc 1 81 3 view .LVU9
 102              		.loc 1 81 29 is_stmt 0 view .LVU10
 103 0000 044B     		ldr	r3, .L9
 104 0002 1A68     		ldr	r2, [r3]
 105 0004 60F38712 		bfi	r2, r0, #6, #2
 106 0008 1A60     		str	r2, [r3]
  82:bsp/libraries/drivers/src/at32f435_437_scfg.c ****   SCFG->cfg1_bit.ir_pol = polarity;
 107              		.loc 1 82 3 is_stmt 1 view .LVU11
 108              		.loc 1 82 25 is_stmt 0 view .LVU12
 109 000a 1A68     		ldr	r2, [r3]
 110 000c 61F34512 		bfi	r2, r1, #5, #1
 111 0010 1A60     		str	r2, [r3]
  83:bsp/libraries/drivers/src/at32f435_437_scfg.c **** }
 112              		.loc 1 83 1 view .LVU13
 113 0012 7047     		bx	lr
 114              	.L10:
 115              		.align	2
 116              	.L9:
 117 0014 00380140 		.word	1073821696
 118              		.cfi_endproc
 119              	.LFE135:
 121              		.section	.text.scfg_mem_map_set,"ax",%progbits
 122              		.align	1
 123              		.global	scfg_mem_map_set
 124              		.syntax unified
 125              		.thumb
 126              		.thumb_func
 128              	scfg_mem_map_set:
 129              	.LVL4:
 130              	.LFB136:
  84:bsp/libraries/drivers/src/at32f435_437_scfg.c **** 
  85:bsp/libraries/drivers/src/at32f435_437_scfg.c **** /**
  86:bsp/libraries/drivers/src/at32f435_437_scfg.c ****   * @brief  scfg memory address mapping set
  87:bsp/libraries/drivers/src/at32f435_437_scfg.c ****   * @param  mem_map
  88:bsp/libraries/drivers/src/at32f435_437_scfg.c ****   *         this parameter can be one of the following values:
  89:bsp/libraries/drivers/src/at32f435_437_scfg.c ****   *         - SCFG_MEM_MAP_MAIN_MEMORY
  90:bsp/libraries/drivers/src/at32f435_437_scfg.c ****   *         - SCFG_MEM_MAP_BOOT_MEMORY
  91:bsp/libraries/drivers/src/at32f435_437_scfg.c ****   *         - SCFG_MEM_MAP_XMC_BANK1
  92:bsp/libraries/drivers/src/at32f435_437_scfg.c ****   *         - SCFG_MEM_MAP_INTERNAL_SRAM
  93:bsp/libraries/drivers/src/at32f435_437_scfg.c ****   *         - SCFG_MEM_MAP_XMC_SDRAM_BANK1
  94:bsp/libraries/drivers/src/at32f435_437_scfg.c ****   * @retval none
  95:bsp/libraries/drivers/src/at32f435_437_scfg.c ****   */
  96:bsp/libraries/drivers/src/at32f435_437_scfg.c **** void scfg_mem_map_set(scfg_mem_map_type mem_map)
  97:bsp/libraries/drivers/src/at32f435_437_scfg.c **** {
 131              		.loc 1 97 1 is_stmt 1 view -0
 132              		.cfi_startproc
 133              		@ args = 0, pretend = 0, frame = 0
 134              		@ frame_needed = 0, uses_anonymous_args = 0
 135              		@ link register save eliminated.
  98:bsp/libraries/drivers/src/at32f435_437_scfg.c ****   SCFG->cfg1_bit.mem_map_sel = mem_map;
 136              		.loc 1 98 3 view .LVU15
 137              		.loc 1 98 30 is_stmt 0 view .LVU16
ARM GAS  C:\Users\user\AppData\Local\Temp\ccLyGlY3.s 			page 5


 138 0000 024B     		ldr	r3, .L12
 139 0002 1A68     		ldr	r2, [r3]
 140 0004 60F30202 		bfi	r2, r0, #0, #3
 141 0008 1A60     		str	r2, [r3]
  99:bsp/libraries/drivers/src/at32f435_437_scfg.c **** }
 142              		.loc 1 99 1 view .LVU17
 143 000a 7047     		bx	lr
 144              	.L13:
 145              		.align	2
 146              	.L12:
 147 000c 00380140 		.word	1073821696
 148              		.cfi_endproc
 149              	.LFE136:
 151              		.section	.text.scfg_emac_interface_set,"ax",%progbits
 152              		.align	1
 153              		.global	scfg_emac_interface_set
 154              		.syntax unified
 155              		.thumb
 156              		.thumb_func
 158              	scfg_emac_interface_set:
 159              	.LVL5:
 160              	.LFB137:
 100:bsp/libraries/drivers/src/at32f435_437_scfg.c **** 
 101:bsp/libraries/drivers/src/at32f435_437_scfg.c **** /**
 102:bsp/libraries/drivers/src/at32f435_437_scfg.c ****   * @brief  scfg emac interface set
 103:bsp/libraries/drivers/src/at32f435_437_scfg.c ****   * @param  mode
 104:bsp/libraries/drivers/src/at32f435_437_scfg.c ****   *         this parameter can be one of the following values:
 105:bsp/libraries/drivers/src/at32f435_437_scfg.c ****   *         - SCFG_EMAC_SELECT_MII
 106:bsp/libraries/drivers/src/at32f435_437_scfg.c ****   *         - SCFG_EMAC_SELECT_RMII
 107:bsp/libraries/drivers/src/at32f435_437_scfg.c ****   * @retval none
 108:bsp/libraries/drivers/src/at32f435_437_scfg.c ****   */
 109:bsp/libraries/drivers/src/at32f435_437_scfg.c **** void scfg_emac_interface_set(scfg_emac_interface_type mode)
 110:bsp/libraries/drivers/src/at32f435_437_scfg.c **** {
 161              		.loc 1 110 1 is_stmt 1 view -0
 162              		.cfi_startproc
 163              		@ args = 0, pretend = 0, frame = 0
 164              		@ frame_needed = 0, uses_anonymous_args = 0
 165              		@ link register save eliminated.
 111:bsp/libraries/drivers/src/at32f435_437_scfg.c ****   SCFG->cfg2_bit.mii_rmii_sel = mode;
 166              		.loc 1 111 3 view .LVU19
 167              		.loc 1 111 31 is_stmt 0 view .LVU20
 168 0000 024B     		ldr	r3, .L15
 169 0002 5A68     		ldr	r2, [r3, #4]
 170 0004 60F3D752 		bfi	r2, r0, #23, #1
 171 0008 5A60     		str	r2, [r3, #4]
 112:bsp/libraries/drivers/src/at32f435_437_scfg.c **** }
 172              		.loc 1 112 1 view .LVU21
 173 000a 7047     		bx	lr
 174              	.L16:
 175              		.align	2
 176              	.L15:
 177 000c 00380140 		.word	1073821696
 178              		.cfi_endproc
 179              	.LFE137:
 181              		.section	.text.scfg_exint_line_config,"ax",%progbits
 182              		.align	1
 183              		.global	scfg_exint_line_config
ARM GAS  C:\Users\user\AppData\Local\Temp\ccLyGlY3.s 			page 6


 184              		.syntax unified
 185              		.thumb
 186              		.thumb_func
 188              	scfg_exint_line_config:
 189              	.LVL6:
 190              	.LFB138:
 113:bsp/libraries/drivers/src/at32f435_437_scfg.c **** 
 114:bsp/libraries/drivers/src/at32f435_437_scfg.c **** /**
 115:bsp/libraries/drivers/src/at32f435_437_scfg.c ****   * @brief  select the gpio pin used as exint line.
 116:bsp/libraries/drivers/src/at32f435_437_scfg.c ****   * @param  port_source:
 117:bsp/libraries/drivers/src/at32f435_437_scfg.c ****   *         select the gpio port to be used as source for exint lines.
 118:bsp/libraries/drivers/src/at32f435_437_scfg.c ****   *         this parameter can be one of the following values:
 119:bsp/libraries/drivers/src/at32f435_437_scfg.c ****   *         - SCFG_PORT_SOURCE_GPIOA
 120:bsp/libraries/drivers/src/at32f435_437_scfg.c ****   *         - SCFG_PORT_SOURCE_GPIOB
 121:bsp/libraries/drivers/src/at32f435_437_scfg.c ****   *         - SCFG_PORT_SOURCE_GPIOC
 122:bsp/libraries/drivers/src/at32f435_437_scfg.c ****   *         - SCFG_PORT_SOURCE_GPIOD
 123:bsp/libraries/drivers/src/at32f435_437_scfg.c ****   *         - SCFG_PORT_SOURCE_GPIOE
 124:bsp/libraries/drivers/src/at32f435_437_scfg.c ****   *         - SCFG_PORT_SOURCE_GPIOF
 125:bsp/libraries/drivers/src/at32f435_437_scfg.c ****   *         - SCFG_PORT_SOURCE_GPIOG
 126:bsp/libraries/drivers/src/at32f435_437_scfg.c ****   *         - SCFG_PORT_SOURCE_GPIOH
 127:bsp/libraries/drivers/src/at32f435_437_scfg.c ****   * @param  pin_source:
 128:bsp/libraries/drivers/src/at32f435_437_scfg.c ****   *         specifies the exint line to be configured.
 129:bsp/libraries/drivers/src/at32f435_437_scfg.c ****   *         this parameter can be one of the following values:
 130:bsp/libraries/drivers/src/at32f435_437_scfg.c ****   *         - SCFG_PINS_SOURCE0
 131:bsp/libraries/drivers/src/at32f435_437_scfg.c ****   *         - SCFG_PINS_SOURCE1
 132:bsp/libraries/drivers/src/at32f435_437_scfg.c ****   *         - SCFG_PINS_SOURCE2
 133:bsp/libraries/drivers/src/at32f435_437_scfg.c ****   *         - SCFG_PINS_SOURCE3
 134:bsp/libraries/drivers/src/at32f435_437_scfg.c ****   *         - SCFG_PINS_SOURCE4
 135:bsp/libraries/drivers/src/at32f435_437_scfg.c ****   *         - SCFG_PINS_SOURCE5
 136:bsp/libraries/drivers/src/at32f435_437_scfg.c ****   *         - SCFG_PINS_SOURCE6
 137:bsp/libraries/drivers/src/at32f435_437_scfg.c ****   *         - SCFG_PINS_SOURCE7
 138:bsp/libraries/drivers/src/at32f435_437_scfg.c ****   *         - SCFG_PINS_SOURCE8
 139:bsp/libraries/drivers/src/at32f435_437_scfg.c ****   *         - SCFG_PINS_SOURCE9
 140:bsp/libraries/drivers/src/at32f435_437_scfg.c ****   *         - SCFG_PINS_SOURCE10
 141:bsp/libraries/drivers/src/at32f435_437_scfg.c ****   *         - SCFG_PINS_SOURCE11
 142:bsp/libraries/drivers/src/at32f435_437_scfg.c ****   *         - SCFG_PINS_SOURCE12
 143:bsp/libraries/drivers/src/at32f435_437_scfg.c ****   *         - SCFG_PINS_SOURCE13
 144:bsp/libraries/drivers/src/at32f435_437_scfg.c ****   *         - SCFG_PINS_SOURCE14
 145:bsp/libraries/drivers/src/at32f435_437_scfg.c ****   *         - SCFG_PINS_SOURCE15
 146:bsp/libraries/drivers/src/at32f435_437_scfg.c ****   * @retval none
 147:bsp/libraries/drivers/src/at32f435_437_scfg.c ****   */
 148:bsp/libraries/drivers/src/at32f435_437_scfg.c **** void scfg_exint_line_config(scfg_port_source_type port_source, scfg_pins_source_type pin_source)
 149:bsp/libraries/drivers/src/at32f435_437_scfg.c **** {
 191              		.loc 1 149 1 is_stmt 1 view -0
 192              		.cfi_startproc
 193              		@ args = 0, pretend = 0, frame = 0
 194              		@ frame_needed = 0, uses_anonymous_args = 0
 195              		@ link register save eliminated.
 196              		.loc 1 149 1 is_stmt 0 view .LVU23
 197 0000 10B4     		push	{r4}
 198              	.LCFI1:
 199              		.cfi_def_cfa_offset 4
 200              		.cfi_offset 4, -4
 150:bsp/libraries/drivers/src/at32f435_437_scfg.c ****   uint32_t tmp = 0x00;
 201              		.loc 1 150 3 is_stmt 1 view .LVU24
 202              	.LVL7:
 151:bsp/libraries/drivers/src/at32f435_437_scfg.c ****   tmp = ((uint32_t)0x0F) << (0x04 * (pin_source & (uint8_t)0x03));
ARM GAS  C:\Users\user\AppData\Local\Temp\ccLyGlY3.s 			page 7


 203              		.loc 1 151 3 view .LVU25
 204              		.loc 1 151 49 is_stmt 0 view .LVU26
 205 0002 01F00303 		and	r3, r1, #3
 206              		.loc 1 151 35 view .LVU27
 207 0006 9B00     		lsls	r3, r3, #2
 208              		.loc 1 151 7 view .LVU28
 209 0008 0F22     		movs	r2, #15
 210 000a 9A40     		lsls	r2, r2, r3
 211              	.LVL8:
 152:bsp/libraries/drivers/src/at32f435_437_scfg.c **** 
 153:bsp/libraries/drivers/src/at32f435_437_scfg.c ****   switch (pin_source >> 0x02)
 212              		.loc 1 153 3 is_stmt 1 view .LVU29
 213              		.loc 1 153 22 is_stmt 0 view .LVU30
 214 000c 8908     		lsrs	r1, r1, #2
 215              	.LVL9:
 216              		.loc 1 153 3 view .LVU31
 217 000e 0329     		cmp	r1, #3
 218 0010 0CD8     		bhi	.L17
 219 0012 DFE801F0 		tbb	[pc, r1]
 220              	.L20:
 221 0016 02       		.byte	(.L23-.L20)/2
 222 0017 0D       		.byte	(.L22-.L20)/2
 223 0018 17       		.byte	(.L21-.L20)/2
 224 0019 21       		.byte	(.L19-.L20)/2
 225              		.p2align 1
 226              	.L23:
 154:bsp/libraries/drivers/src/at32f435_437_scfg.c ****   {
 155:bsp/libraries/drivers/src/at32f435_437_scfg.c ****     case 0:
 156:bsp/libraries/drivers/src/at32f435_437_scfg.c ****       SCFG->exintc1 &= ~tmp;
 227              		.loc 1 156 7 is_stmt 1 view .LVU32
 228              		.loc 1 156 21 is_stmt 0 view .LVU33
 229 001a 1549     		ldr	r1, .L25
 230 001c 8C68     		ldr	r4, [r1, #8]
 231 001e 24EA0202 		bic	r2, r4, r2
 232              	.LVL10:
 233              		.loc 1 156 21 view .LVU34
 234 0022 8A60     		str	r2, [r1, #8]
 157:bsp/libraries/drivers/src/at32f435_437_scfg.c ****       SCFG->exintc1 |= (((uint32_t)port_source) << (0x04 * (pin_source & (uint8_t)0x03)));
 235              		.loc 1 157 7 is_stmt 1 view .LVU35
 236              		.loc 1 157 21 is_stmt 0 view .LVU36
 237 0024 8A68     		ldr	r2, [r1, #8]
 238              		.loc 1 157 49 view .LVU37
 239 0026 9840     		lsls	r0, r0, r3
 240              	.LVL11:
 241              		.loc 1 157 21 view .LVU38
 242 0028 1043     		orrs	r0, r0, r2
 243 002a 8860     		str	r0, [r1, #8]
 158:bsp/libraries/drivers/src/at32f435_437_scfg.c ****       break;
 244              		.loc 1 158 7 is_stmt 1 view .LVU39
 245              	.LVL12:
 246              	.L17:
 159:bsp/libraries/drivers/src/at32f435_437_scfg.c ****     case 1:
 160:bsp/libraries/drivers/src/at32f435_437_scfg.c ****       SCFG->exintc2 &= ~tmp;
 161:bsp/libraries/drivers/src/at32f435_437_scfg.c ****       SCFG->exintc2 |= (((uint32_t)port_source) << (0x04 * (pin_source & (uint8_t)0x03)));
 162:bsp/libraries/drivers/src/at32f435_437_scfg.c ****       break;
 163:bsp/libraries/drivers/src/at32f435_437_scfg.c ****     case 2:
 164:bsp/libraries/drivers/src/at32f435_437_scfg.c ****       SCFG->exintc3 &= ~tmp;
ARM GAS  C:\Users\user\AppData\Local\Temp\ccLyGlY3.s 			page 8


 165:bsp/libraries/drivers/src/at32f435_437_scfg.c ****       SCFG->exintc3 |= (((uint32_t)port_source) << (0x04 * (pin_source & (uint8_t)0x03)));
 166:bsp/libraries/drivers/src/at32f435_437_scfg.c ****       break;
 167:bsp/libraries/drivers/src/at32f435_437_scfg.c ****     case 3:
 168:bsp/libraries/drivers/src/at32f435_437_scfg.c ****       SCFG->exintc4 &= ~tmp;
 169:bsp/libraries/drivers/src/at32f435_437_scfg.c ****       SCFG->exintc4 |= (((uint32_t)port_source) << (0x04 * (pin_source & (uint8_t)0x03)));
 170:bsp/libraries/drivers/src/at32f435_437_scfg.c ****       break;
 171:bsp/libraries/drivers/src/at32f435_437_scfg.c ****     default:
 172:bsp/libraries/drivers/src/at32f435_437_scfg.c ****       break;
 173:bsp/libraries/drivers/src/at32f435_437_scfg.c ****   }
 174:bsp/libraries/drivers/src/at32f435_437_scfg.c **** }
 247              		.loc 1 174 1 is_stmt 0 view .LVU40
 248 002c 10BC     		pop	{r4}
 249              	.LCFI2:
 250              		.cfi_remember_state
 251              		.cfi_restore 4
 252              		.cfi_def_cfa_offset 0
 253 002e 7047     		bx	lr
 254              	.LVL13:
 255              	.L22:
 256              	.LCFI3:
 257              		.cfi_restore_state
 160:bsp/libraries/drivers/src/at32f435_437_scfg.c ****       SCFG->exintc2 |= (((uint32_t)port_source) << (0x04 * (pin_source & (uint8_t)0x03)));
 258              		.loc 1 160 7 is_stmt 1 view .LVU41
 160:bsp/libraries/drivers/src/at32f435_437_scfg.c ****       SCFG->exintc2 |= (((uint32_t)port_source) << (0x04 * (pin_source & (uint8_t)0x03)));
 259              		.loc 1 160 21 is_stmt 0 view .LVU42
 260 0030 0F49     		ldr	r1, .L25
 261 0032 CC68     		ldr	r4, [r1, #12]
 262 0034 24EA0202 		bic	r2, r4, r2
 263              	.LVL14:
 160:bsp/libraries/drivers/src/at32f435_437_scfg.c ****       SCFG->exintc2 |= (((uint32_t)port_source) << (0x04 * (pin_source & (uint8_t)0x03)));
 264              		.loc 1 160 21 view .LVU43
 265 0038 CA60     		str	r2, [r1, #12]
 161:bsp/libraries/drivers/src/at32f435_437_scfg.c ****       break;
 266              		.loc 1 161 7 is_stmt 1 view .LVU44
 161:bsp/libraries/drivers/src/at32f435_437_scfg.c ****       break;
 267              		.loc 1 161 21 is_stmt 0 view .LVU45
 268 003a CA68     		ldr	r2, [r1, #12]
 161:bsp/libraries/drivers/src/at32f435_437_scfg.c ****       break;
 269              		.loc 1 161 49 view .LVU46
 270 003c 9840     		lsls	r0, r0, r3
 271              	.LVL15:
 161:bsp/libraries/drivers/src/at32f435_437_scfg.c ****       break;
 272              		.loc 1 161 21 view .LVU47
 273 003e 1043     		orrs	r0, r0, r2
 274 0040 C860     		str	r0, [r1, #12]
 162:bsp/libraries/drivers/src/at32f435_437_scfg.c ****     case 2:
 275              		.loc 1 162 7 is_stmt 1 view .LVU48
 276 0042 F3E7     		b	.L17
 277              	.LVL16:
 278              	.L21:
 164:bsp/libraries/drivers/src/at32f435_437_scfg.c ****       SCFG->exintc3 |= (((uint32_t)port_source) << (0x04 * (pin_source & (uint8_t)0x03)));
 279              		.loc 1 164 7 view .LVU49
 164:bsp/libraries/drivers/src/at32f435_437_scfg.c ****       SCFG->exintc3 |= (((uint32_t)port_source) << (0x04 * (pin_source & (uint8_t)0x03)));
 280              		.loc 1 164 21 is_stmt 0 view .LVU50
 281 0044 0A49     		ldr	r1, .L25
 282 0046 0C69     		ldr	r4, [r1, #16]
 283 0048 24EA0202 		bic	r2, r4, r2
ARM GAS  C:\Users\user\AppData\Local\Temp\ccLyGlY3.s 			page 9


 284              	.LVL17:
 164:bsp/libraries/drivers/src/at32f435_437_scfg.c ****       SCFG->exintc3 |= (((uint32_t)port_source) << (0x04 * (pin_source & (uint8_t)0x03)));
 285              		.loc 1 164 21 view .LVU51
 286 004c 0A61     		str	r2, [r1, #16]
 165:bsp/libraries/drivers/src/at32f435_437_scfg.c ****       break;
 287              		.loc 1 165 7 is_stmt 1 view .LVU52
 165:bsp/libraries/drivers/src/at32f435_437_scfg.c ****       break;
 288              		.loc 1 165 21 is_stmt 0 view .LVU53
 289 004e 0A69     		ldr	r2, [r1, #16]
 165:bsp/libraries/drivers/src/at32f435_437_scfg.c ****       break;
 290              		.loc 1 165 49 view .LVU54
 291 0050 9840     		lsls	r0, r0, r3
 292              	.LVL18:
 165:bsp/libraries/drivers/src/at32f435_437_scfg.c ****       break;
 293              		.loc 1 165 21 view .LVU55
 294 0052 1043     		orrs	r0, r0, r2
 295 0054 0861     		str	r0, [r1, #16]
 166:bsp/libraries/drivers/src/at32f435_437_scfg.c ****     case 3:
 296              		.loc 1 166 7 is_stmt 1 view .LVU56
 297 0056 E9E7     		b	.L17
 298              	.LVL19:
 299              	.L19:
 168:bsp/libraries/drivers/src/at32f435_437_scfg.c ****       SCFG->exintc4 |= (((uint32_t)port_source) << (0x04 * (pin_source & (uint8_t)0x03)));
 300              		.loc 1 168 7 view .LVU57
 168:bsp/libraries/drivers/src/at32f435_437_scfg.c ****       SCFG->exintc4 |= (((uint32_t)port_source) << (0x04 * (pin_source & (uint8_t)0x03)));
 301              		.loc 1 168 21 is_stmt 0 view .LVU58
 302 0058 0549     		ldr	r1, .L25
 303 005a 4C69     		ldr	r4, [r1, #20]
 304 005c 24EA0202 		bic	r2, r4, r2
 305              	.LVL20:
 168:bsp/libraries/drivers/src/at32f435_437_scfg.c ****       SCFG->exintc4 |= (((uint32_t)port_source) << (0x04 * (pin_source & (uint8_t)0x03)));
 306              		.loc 1 168 21 view .LVU59
 307 0060 4A61     		str	r2, [r1, #20]
 169:bsp/libraries/drivers/src/at32f435_437_scfg.c ****       break;
 308              		.loc 1 169 7 is_stmt 1 view .LVU60
 169:bsp/libraries/drivers/src/at32f435_437_scfg.c ****       break;
 309              		.loc 1 169 21 is_stmt 0 view .LVU61
 310 0062 4A69     		ldr	r2, [r1, #20]
 169:bsp/libraries/drivers/src/at32f435_437_scfg.c ****       break;
 311              		.loc 1 169 49 view .LVU62
 312 0064 00FA03F3 		lsl	r3, r0, r3
 313              	.LVL21:
 169:bsp/libraries/drivers/src/at32f435_437_scfg.c ****       break;
 314              		.loc 1 169 21 view .LVU63
 315 0068 1343     		orrs	r3, r3, r2
 316 006a 4B61     		str	r3, [r1, #20]
 170:bsp/libraries/drivers/src/at32f435_437_scfg.c ****     default:
 317              		.loc 1 170 7 is_stmt 1 view .LVU64
 318              		.loc 1 174 1 is_stmt 0 view .LVU65
 319 006c DEE7     		b	.L17
 320              	.L26:
 321 006e 00BF     		.align	2
 322              	.L25:
 323 0070 00380140 		.word	1073821696
 324              		.cfi_endproc
 325              	.LFE138:
 327              		.section	.text.scfg_pins_ultra_driven_enable,"ax",%progbits
ARM GAS  C:\Users\user\AppData\Local\Temp\ccLyGlY3.s 			page 10


 328              		.align	1
 329              		.global	scfg_pins_ultra_driven_enable
 330              		.syntax unified
 331              		.thumb
 332              		.thumb_func
 334              	scfg_pins_ultra_driven_enable:
 335              	.LVL22:
 336              	.LFB139:
 175:bsp/libraries/drivers/src/at32f435_437_scfg.c **** 
 176:bsp/libraries/drivers/src/at32f435_437_scfg.c **** /**
 177:bsp/libraries/drivers/src/at32f435_437_scfg.c ****   * @brief  enable or disable gpio pins ultra driven.
 178:bsp/libraries/drivers/src/at32f435_437_scfg.c ****   * @param  value:
 179:bsp/libraries/drivers/src/at32f435_437_scfg.c ****   *         this parameter can be one of the following values:
 180:bsp/libraries/drivers/src/at32f435_437_scfg.c ****   *         - SCFG_ULTRA_DRIVEN_PB3
 181:bsp/libraries/drivers/src/at32f435_437_scfg.c ****   *         - SCFG_ULTRA_DRIVEN_PB9
 182:bsp/libraries/drivers/src/at32f435_437_scfg.c ****   *         - SCFG_ULTRA_DRIVEN_PB10
 183:bsp/libraries/drivers/src/at32f435_437_scfg.c ****   *         - SCFG_ULTRA_DRIVEN_PD12
 184:bsp/libraries/drivers/src/at32f435_437_scfg.c ****   *         - SCFG_ULTRA_DRIVEN_PD13
 185:bsp/libraries/drivers/src/at32f435_437_scfg.c ****   *         - SCFG_ULTRA_DRIVEN_PD14
 186:bsp/libraries/drivers/src/at32f435_437_scfg.c ****   *         - SCFG_ULTRA_DRIVEN_PD15
 187:bsp/libraries/drivers/src/at32f435_437_scfg.c ****   *         - SCFG_ULTRA_DRIVEN_PF14
 188:bsp/libraries/drivers/src/at32f435_437_scfg.c ****   *         - SCFG_ULTRA_DRIVEN_PF15
 189:bsp/libraries/drivers/src/at32f435_437_scfg.c ****   * @param  new_state (TRUE or FALSE)
 190:bsp/libraries/drivers/src/at32f435_437_scfg.c ****   * @retval none
 191:bsp/libraries/drivers/src/at32f435_437_scfg.c ****   */
 192:bsp/libraries/drivers/src/at32f435_437_scfg.c **** void scfg_pins_ultra_driven_enable(scfg_ultra_driven_pins_type value, confirm_state new_state)
 193:bsp/libraries/drivers/src/at32f435_437_scfg.c **** {
 337              		.loc 1 193 1 is_stmt 1 view -0
 338              		.cfi_startproc
 339              		@ args = 0, pretend = 0, frame = 0
 340              		@ frame_needed = 0, uses_anonymous_args = 0
 341              		@ link register save eliminated.
 194:bsp/libraries/drivers/src/at32f435_437_scfg.c ****   if(TRUE == new_state)
 342              		.loc 1 194 3 view .LVU67
 343              		.loc 1 194 5 is_stmt 0 view .LVU68
 344 0000 0129     		cmp	r1, #1
 345 0002 0ED0     		beq	.L30
 195:bsp/libraries/drivers/src/at32f435_437_scfg.c ****   {
 196:bsp/libraries/drivers/src/at32f435_437_scfg.c ****     SCFG_REG(value) |= SCFG_REG_BIT(value);
 197:bsp/libraries/drivers/src/at32f435_437_scfg.c ****   }
 198:bsp/libraries/drivers/src/at32f435_437_scfg.c ****   else
 199:bsp/libraries/drivers/src/at32f435_437_scfg.c ****   {
 200:bsp/libraries/drivers/src/at32f435_437_scfg.c ****     SCFG_REG(value) &= ~(SCFG_REG_BIT(value));
 346              		.loc 1 200 5 is_stmt 1 view .LVU69
 347              		.loc 1 200 21 is_stmt 0 view .LVU70
 348 0004 030C     		lsrs	r3, r0, #16
 349 0006 03F18043 		add	r3, r3, #1073741824
 350 000a 03F59C33 		add	r3, r3, #79872
 351 000e 1A68     		ldr	r2, [r3]
 352              		.loc 1 200 26 view .LVU71
 353 0010 00F01F00 		and	r0, r0, #31
 354              	.LVL23:
 355              		.loc 1 200 26 view .LVU72
 356 0014 0121     		movs	r1, #1
 357              	.LVL24:
 358              		.loc 1 200 26 view .LVU73
 359 0016 01FA00F0 		lsl	r0, r1, r0
ARM GAS  C:\Users\user\AppData\Local\Temp\ccLyGlY3.s 			page 11


 360              		.loc 1 200 21 view .LVU74
 361 001a 22EA0000 		bic	r0, r2, r0
 362 001e 1860     		str	r0, [r3]
 201:bsp/libraries/drivers/src/at32f435_437_scfg.c ****   }
 202:bsp/libraries/drivers/src/at32f435_437_scfg.c **** }
 363              		.loc 1 202 1 view .LVU75
 364 0020 7047     		bx	lr
 365              	.LVL25:
 366              	.L30:
 196:bsp/libraries/drivers/src/at32f435_437_scfg.c ****   }
 367              		.loc 1 196 5 is_stmt 1 view .LVU76
 196:bsp/libraries/drivers/src/at32f435_437_scfg.c ****   }
 368              		.loc 1 196 21 is_stmt 0 view .LVU77
 369 0022 030C     		lsrs	r3, r0, #16
 370 0024 03F18043 		add	r3, r3, #1073741824
 371 0028 03F59C33 		add	r3, r3, #79872
 372 002c 1A68     		ldr	r2, [r3]
 196:bsp/libraries/drivers/src/at32f435_437_scfg.c ****   }
 373              		.loc 1 196 24 view .LVU78
 374 002e 00F01F00 		and	r0, r0, #31
 375              	.LVL26:
 196:bsp/libraries/drivers/src/at32f435_437_scfg.c ****   }
 376              		.loc 1 196 24 view .LVU79
 377 0032 01FA00F0 		lsl	r0, r1, r0
 196:bsp/libraries/drivers/src/at32f435_437_scfg.c ****   }
 378              		.loc 1 196 21 view .LVU80
 379 0036 1043     		orrs	r0, r0, r2
 380 0038 1860     		str	r0, [r3]
 381 003a 7047     		bx	lr
 382              		.cfi_endproc
 383              	.LFE139:
 385              		.text
 386              	.Letext0:
 387              		.file 2 "c:\\at32ide\\platform\\tools\\gcc-arm-none-eabi-10.3-2021.10\\arm-none-eabi\\include\\mac
 388              		.file 3 "c:\\at32ide\\platform\\tools\\gcc-arm-none-eabi-10.3-2021.10\\arm-none-eabi\\include\\sys
 389              		.file 4 "bsp/libraries/cmsis/cm4/device_support/at32f435_437.h"
 390              		.file 5 "bsp/libraries/drivers/inc/at32f435_437_crm.h"
 391              		.file 6 "bsp/libraries/drivers/inc/at32f435_437_scfg.h"
ARM GAS  C:\Users\user\AppData\Local\Temp\ccLyGlY3.s 			page 12


DEFINED SYMBOLS
                            *ABS*:00000000 at32f435_437_scfg.c
C:\Users\user\AppData\Local\Temp\ccLyGlY3.s:18     .text.scfg_reset:00000000 $t
C:\Users\user\AppData\Local\Temp\ccLyGlY3.s:24     .text.scfg_reset:00000000 scfg_reset
C:\Users\user\AppData\Local\Temp\ccLyGlY3.s:52     .text.scfg_reset:00000018 $d
C:\Users\user\AppData\Local\Temp\ccLyGlY3.s:57     .text.scfg_xmc_mapping_swap_set:00000000 $t
C:\Users\user\AppData\Local\Temp\ccLyGlY3.s:63     .text.scfg_xmc_mapping_swap_set:00000000 scfg_xmc_mapping_swap_set
C:\Users\user\AppData\Local\Temp\ccLyGlY3.s:82     .text.scfg_xmc_mapping_swap_set:0000000c $d
C:\Users\user\AppData\Local\Temp\ccLyGlY3.s:87     .text.scfg_infrared_config:00000000 $t
C:\Users\user\AppData\Local\Temp\ccLyGlY3.s:93     .text.scfg_infrared_config:00000000 scfg_infrared_config
C:\Users\user\AppData\Local\Temp\ccLyGlY3.s:117    .text.scfg_infrared_config:00000014 $d
C:\Users\user\AppData\Local\Temp\ccLyGlY3.s:122    .text.scfg_mem_map_set:00000000 $t
C:\Users\user\AppData\Local\Temp\ccLyGlY3.s:128    .text.scfg_mem_map_set:00000000 scfg_mem_map_set
C:\Users\user\AppData\Local\Temp\ccLyGlY3.s:147    .text.scfg_mem_map_set:0000000c $d
C:\Users\user\AppData\Local\Temp\ccLyGlY3.s:152    .text.scfg_emac_interface_set:00000000 $t
C:\Users\user\AppData\Local\Temp\ccLyGlY3.s:158    .text.scfg_emac_interface_set:00000000 scfg_emac_interface_set
C:\Users\user\AppData\Local\Temp\ccLyGlY3.s:177    .text.scfg_emac_interface_set:0000000c $d
C:\Users\user\AppData\Local\Temp\ccLyGlY3.s:182    .text.scfg_exint_line_config:00000000 $t
C:\Users\user\AppData\Local\Temp\ccLyGlY3.s:188    .text.scfg_exint_line_config:00000000 scfg_exint_line_config
C:\Users\user\AppData\Local\Temp\ccLyGlY3.s:221    .text.scfg_exint_line_config:00000016 $d
C:\Users\user\AppData\Local\Temp\ccLyGlY3.s:225    .text.scfg_exint_line_config:0000001a $t
C:\Users\user\AppData\Local\Temp\ccLyGlY3.s:323    .text.scfg_exint_line_config:00000070 $d
C:\Users\user\AppData\Local\Temp\ccLyGlY3.s:328    .text.scfg_pins_ultra_driven_enable:00000000 $t
C:\Users\user\AppData\Local\Temp\ccLyGlY3.s:334    .text.scfg_pins_ultra_driven_enable:00000000 scfg_pins_ultra_driven_enable

UNDEFINED SYMBOLS
crm_periph_reset
