ARM GAS  C:\Users\user\AppData\Local\Temp\cc5dWzNY.s 			page 1


   1              		.cpu cortex-m4
   2              		.arch armv7e-m
   3              		.fpu softvfp
   4              		.eabi_attribute 20, 1
   5              		.eabi_attribute 21, 1
   6              		.eabi_attribute 23, 3
   7              		.eabi_attribute 24, 1
   8              		.eabi_attribute 25, 1
   9              		.eabi_attribute 26, 1
  10              		.eabi_attribute 30, 1
  11              		.eabi_attribute 34, 1
  12              		.eabi_attribute 18, 4
  13              		.file	"timers.c"
  14              		.text
  15              	.Ltext0:
  16              		.cfi_sections	.debug_frame
  17              	.Letext0:
  18              		.file 1 "c:\\at32ide\\platform\\tools\\gcc-arm-none-eabi-10.3-2021.10\\arm-none-eabi\\include\\mac
  19              		.file 2 "c:\\at32ide\\platform\\tools\\gcc-arm-none-eabi-10.3-2021.10\\arm-none-eabi\\include\\sys
  20              		.file 3 "inc/FreeRTOSConfig.h"
ARM GAS  C:\Users\user\AppData\Local\Temp\cc5dWzNY.s 			page 2


DEFINED SYMBOLS
                            *ABS*:00000000 timers.c

NO UNDEFINED SYMBOLS
